#
# There is insufficient memory for the Java Runtime Environment to continue.
# Native memory allocation (malloc) failed to allocate 1052816 bytes. Error detail: Chunk::new
# Possible reasons:
#   The system is out of physical RAM or swap space
#   This process is running with CompressedOops enabled, and the Java Heap may be blocking the growth of the native heap
# Possible solutions:
#   Reduce memory load on the system
#   Increase physical memory or swap space
#   Check if swap backing store is full
#   Decrease Java heap size (-Xmx/-Xms)
#   Decrease number of Java threads
#   Decrease Java thread stack sizes (-Xss)
#   Set larger code cache with -XX:ReservedCodeCacheSize=
#   JVM is running with Unscaled Compressed Oops mode in which the Java heap is
#     placed in the first 4GB address space. The Java Heap base address is the
#     maximum limit for the native heap growth. Please use -XX:HeapBaseMinAddress
#     to set the Java Heap base and to place the Java Heap above 4GB virtual address.
# This output file may be truncated or incomplete.
#
#  Out of Memory Error (arena.cpp:168), pid=14408, tid=2672
#
# JRE version: OpenJDK Runtime Environment Temurin-21.0.10+7 (21.0.10+7) (build 21.0.10+7-LTS)
# Java VM: OpenJDK 64-Bit Server VM Temurin-21.0.10+7 (21.0.10+7-LTS, mixed mode, sharing, tiered, compressed oops, compressed class ptrs, g1 gc, windows-amd64)
# No core dump will be written. Minidumps are not enabled by default on client versions of Windows
#

---------------  S U M M A R Y ------------

Command Line: --add-opens=java.base/java.lang=ALL-UNNAMED --add-opens=java.base/java.lang.invoke=ALL-UNNAMED --add-opens=java.base/java.util=ALL-UNNAMED --add-opens=java.prefs/java.util.prefs=ALL-UNNAMED --add-exports=jdk.compiler/com.sun.tools.javac.api=ALL-UNNAMED --add-exports=jdk.compiler/com.sun.tools.javac.util=ALL-UNNAMED --add-opens=java.base/java.util=ALL-UNNAMED --add-opens=java.prefs/java.util.prefs=ALL-UNNAMED --add-opens=java.base/java.nio.charset=ALL-UNNAMED --add-opens=java.base/java.net=ALL-UNNAMED --add-opens=java.base/java.util.concurrent=ALL-UNNAMED --add-opens=java.base/java.util.concurrent.atomic=ALL-UNNAMED --add-opens=java.xml/javax.xml.namespace=ALL-UNNAMED --add-opens=java.base/java.time=ALL-UNNAMED -XX:MaxMetaspaceSize=384m -XX:+HeapDumpOnOutOfMemoryError -Xms256m -Xmx512m -Dfile.encoding=UTF-8 -Duser.country=ID -Duser.language=en -Duser.variant -javaagent:C:\Users\HP\.gradle\wrapper\dists\gradle-9.2.0-bin\11i5gvueggl8a5cioxuftxrik\gradle-9.2.0\lib\agents\gradle-instrumentation-agent-9.2.0.jar org.gradle.launcher.daemon.bootstrap.GradleDaemon 9.2.0

Host: AMD Ryzen 7 5700U with Radeon Graphics         , 16 cores, 7G,  Windows 11 , 64 bit Build 22621 (10.0.22621.5415)
Time: Sun May 24 22:02:02 2026 SE Asia Standard Time elapsed time: 241.517688 seconds (0d 0h 4m 1s)

---------------  T H R E A D  ---------------

Current thread (0x000002067bcb1620):  JavaThread "C2 CompilerThread1" daemon [_thread_in_native, id=2672, stack(0x0000003118700000,0x0000003118800000) (1024K)]


Current CompileTask:
C2:241517 8197       4       java.lang.invoke.MethodType::makeImpl (109 bytes)

Stack: [0x0000003118700000,0x0000003118800000]
Native frames: (J=compiled Java code, j=interpreted, Vv=VM code, C=native code)
V  [jvm.dll+0x6d7a39]
V  [jvm.dll+0x8b4b26]
V  [jvm.dll+0x8b70de]
V  [jvm.dll+0x8b77c3]
V  [jvm.dll+0x284346]
V  [jvm.dll+0xc66ed]
V  [jvm.dll+0xc6c31]
V  [jvm.dll+0x2fb29e]
V  [jvm.dll+0x5fe884]
V  [jvm.dll+0x255b17]
V  [jvm.dll+0x24e12a]
V  [jvm.dll+0x24ba42]
V  [jvm.dll+0x1cb34e]
V  [jvm.dll+0x25b85d]
V  [jvm.dll+0x259dea]
V  [jvm.dll+0x3f857e]
V  [jvm.dll+0x85f59d]
V  [jvm.dll+0x6d626d]
C  [ucrtbase.dll+0x29333]
C  [KERNEL32.DLL+0x1259d]
C  [ntdll.dll+0x5af78]


---------------  P R O C E S S  ---------------

Threads class SMR info:
_java_thread_list=0x000002067bef04e0, length=57, elements={
0x0000020648300200, 0x000002065e774a20, 0x000002065e7759f0, 0x000002065e77f790,
0x000002065e781200, 0x000002065e781e10, 0x000002065e782bd0, 0x000002065e783a90,
0x000002065e795720, 0x000002065e98c990, 0x000002065ea1e7d0, 0x00000206798e8920,
0x000002067986b890, 0x0000020678f831d0, 0x0000020678d07f80, 0x0000020678d08ca0,
0x0000020678d0a050, 0x0000020678bdb6f0, 0x0000020678bde4e0, 0x0000020678be0c40,
0x0000020678be05b0, 0x0000020678bdd7c0, 0x0000020678bdb060, 0x0000020678bdbd80,
0x0000020678bdc410, 0x000002067a6250e0, 0x000002067a623d30, 0x000002067a621c60,
0x000002067c2a37d0, 0x000002067c2a2ab0, 0x000002067c2a3e60, 0x000002067c2a1070,
0x000002067c2a1700, 0x000002067c2a2420, 0x000002067ba73090, 0x000002067ba74440,
0x000002067ba6f580, 0x000002067ba72a00, 0x000002067ba71ce0, 0x000002067ba70fc0,
0x000002067ba73720, 0x000002067ba6fc10, 0x000002067ba702a0, 0x000002067ba73db0,
0x000002067ba71650, 0x000002067bcb1620, 0x000002067c552860, 0x000002067ba72370,
0x000002067ba74ad0, 0x000002067ba70930, 0x000002067ba75160, 0x000002067ba757f0,
0x000002067af6d740, 0x000002067ba75e80, 0x000002067ba6eef0, 0x000002067b0ca7f0,
0x000002067af98eb0
}

Java Threads: ( => current thread )
  0x0000020648300200 JavaThread "main"                              [_thread_blocked, id=20940, stack(0x0000003116000000,0x0000003116100000) (1024K)]
  0x000002065e774a20 JavaThread "Reference Handler"          daemon [_thread_blocked, id=23212, stack(0x0000003116800000,0x0000003116900000) (1024K)]
  0x000002065e7759f0 JavaThread "Finalizer"                  daemon [_thread_blocked, id=10600, stack(0x0000003116900000,0x0000003116a00000) (1024K)]
  0x000002065e77f790 JavaThread "Signal Dispatcher"          daemon [_thread_blocked, id=19444, stack(0x0000003116a00000,0x0000003116b00000) (1024K)]
  0x000002065e781200 JavaThread "Attach Listener"            daemon [_thread_blocked, id=15144, stack(0x0000003116b00000,0x0000003116c00000) (1024K)]
  0x000002065e781e10 JavaThread "Service Thread"             daemon [_thread_blocked, id=27416, stack(0x0000003116c00000,0x0000003116d00000) (1024K)]
  0x000002065e782bd0 JavaThread "Monitor Deflation Thread"   daemon [_thread_blocked, id=22524, stack(0x0000003116d00000,0x0000003116e00000) (1024K)]
  0x000002065e783a90 JavaThread "C2 CompilerThread0"         daemon [_thread_in_native, id=26404, stack(0x0000003116e00000,0x0000003116f00000) (1024K)]
  0x000002065e795720 JavaThread "C1 CompilerThread0"         daemon [_thread_blocked, id=17260, stack(0x0000003116f00000,0x0000003117000000) (1024K)]
  0x000002065e98c990 JavaThread "Common-Cleaner"             daemon [_thread_blocked, id=22452, stack(0x0000003117000000,0x0000003117100000) (1024K)]
  0x000002065ea1e7d0 JavaThread "Notification Thread"        daemon [_thread_blocked, id=18088, stack(0x0000003117100000,0x0000003117200000) (1024K)]
  0x00000206798e8920 JavaThread "Daemon health stats"               [_thread_blocked, id=20684, stack(0x0000003117800000,0x0000003117900000) (1024K)]
  0x000002067986b890 JavaThread "Incoming local TCP Connector on port 53302"        [_thread_in_native, id=26876, stack(0x0000003117900000,0x0000003117a00000) (1024K)]
  0x0000020678f831d0 JavaThread "Daemon periodic checks"            [_thread_blocked, id=2112, stack(0x0000003117a00000,0x0000003117b00000) (1024K)]
  0x0000020678d07f80 JavaThread "Cache worker for journal cache (C:\Users\HP\.gradle\caches\journal-1)"        [_thread_blocked, id=18288, stack(0x0000003118900000,0x0000003118a00000) (1024K)]
  0x0000020678d08ca0 JavaThread "File lock request listener"        [_thread_in_native, id=9036, stack(0x0000003118a00000,0x0000003118b00000) (1024K)]
  0x0000020678d0a050 JavaThread "Cache worker for file hash cache (C:\Users\HP\.gradle\caches\9.2.0\fileHashes)"        [_thread_blocked, id=14904, stack(0x0000003118b00000,0x0000003118c00000) (1024K)]
  0x0000020678bdb6f0 JavaThread "File watcher server"        daemon [_thread_in_native, id=8940, stack(0x0000003119000000,0x0000003119100000) (1024K)]
  0x0000020678bde4e0 JavaThread "File watcher consumer"      daemon [_thread_blocked, id=23676, stack(0x0000003119100000,0x0000003119200000) (1024K)]
  0x0000020678be0c40 JavaThread "jar transforms"                    [_thread_blocked, id=27632, stack(0x0000003119200000,0x0000003119300000) (1024K)]
  0x0000020678be05b0 JavaThread "jar transforms Thread 2"           [_thread_blocked, id=16272, stack(0x0000003119300000,0x0000003119400000) (1024K)]
  0x0000020678bdd7c0 JavaThread "Cache worker for file content cache (C:\Users\HP\.gradle\caches\9.2.0\fileContent)"        [_thread_blocked, id=16144, stack(0x0000003119500000,0x0000003119600000) (1024K)]
  0x0000020678bdb060 JavaThread "jar transforms Thread 3"           [_thread_blocked, id=12900, stack(0x0000003119800000,0x0000003119900000) (1024K)]
  0x0000020678bdbd80 JavaThread "jar transforms Thread 4"           [_thread_blocked, id=12772, stack(0x0000003119b00000,0x0000003119c00000) (1024K)]
  0x0000020678bdc410 JavaThread "jar transforms Thread 5"           [_thread_blocked, id=15552, stack(0x0000003119c00000,0x0000003119d00000) (1024K)]
  0x000002067a6250e0 JavaThread "jar transforms Thread 6"           [_thread_blocked, id=21164, stack(0x000000311a000000,0x000000311a100000) (1024K)]
  0x000002067a623d30 JavaThread "jar transforms Thread 7"           [_thread_blocked, id=13180, stack(0x000000311a200000,0x000000311a300000) (1024K)]
  0x000002067a621c60 JavaThread "Memory manager"                    [_thread_blocked, id=19528, stack(0x000000311a300000,0x000000311a400000) (1024K)]
  0x000002067c2a37d0 JavaThread "jar transforms Thread 8"           [_thread_blocked, id=6460, stack(0x000000311a400000,0x000000311a500000) (1024K)]
  0x000002067c2a2ab0 JavaThread "ForkJoinPool.commonPool-worker-1" daemon [_thread_blocked, id=21124, stack(0x000000311a500000,0x000000311a600000) (1024K)]
  0x000002067c2a3e60 JavaThread "ForkJoinPool.commonPool-worker-2" daemon [_thread_blocked, id=21076, stack(0x000000311a600000,0x000000311a700000) (1024K)]
  0x000002067c2a1070 JavaThread "ForkJoinPool.commonPool-worker-4" daemon [_thread_blocked, id=25408, stack(0x000000311a800000,0x000000311a900000) (1024K)]
  0x000002067c2a1700 JavaThread "ForkJoinPool.commonPool-worker-6" daemon [_thread_blocked, id=19780, stack(0x000000311aa00000,0x000000311ab00000) (1024K)]
  0x000002067c2a2420 JavaThread "ForkJoinPool.commonPool-worker-8" daemon [_thread_blocked, id=15788, stack(0x000000311ac00000,0x000000311ad00000) (1024K)]
  0x000002067ba73090 JavaThread "ForkJoinPool.commonPool-worker-9" daemon [_thread_blocked, id=18708, stack(0x000000311ad00000,0x000000311ae00000) (1024K)]
  0x000002067ba74440 JavaThread "ForkJoinPool.commonPool-worker-10" daemon [_thread_blocked, id=27760, stack(0x000000311ae00000,0x000000311af00000) (1024K)]
  0x000002067ba6f580 JavaThread "Daemon Thread 2"                   [_thread_blocked, id=9844, stack(0x0000003115d00000,0x0000003115e00000) (1024K)]
  0x000002067ba72a00 JavaThread "Handler for socket connection from /127.0.0.1:53302 to /127.0.0.1:55509"        [_thread_in_native, id=2624, stack(0x0000003115e00000,0x0000003115f00000) (1024K)]
  0x000002067ba71ce0 JavaThread "Cancel handler"                    [_thread_blocked, id=18016, stack(0x0000003115f00000,0x0000003116000000) (1024K)]
  0x000002067ba70fc0 JavaThread "Daemon worker Thread 2"            [_thread_in_native, id=14872, stack(0x0000003117700000,0x0000003117800000) (1024K)]
  0x000002067ba73720 JavaThread "Asynchronous log dispatcher for DefaultDaemonConnection: socket connection from /127.0.0.1:53302 to /127.0.0.1:55509"        [_thread_blocked, id=3204, stack(0x0000003118200000,0x0000003118300000) (1024K)]
  0x000002067ba6fc10 JavaThread "Stdin handler"                     [_thread_blocked, id=16804, stack(0x0000003118300000,0x0000003118400000) (1024K)]
  0x000002067ba702a0 JavaThread "Daemon client event forwarder"        [_thread_blocked, id=19352, stack(0x0000003118400000,0x0000003118500000) (1024K)]
  0x000002067ba73db0 JavaThread "Cache worker for file hash cache (D:\Document Penting\Semester 4\Tugas Besar PBO\TUBES_PBO\TubesPBO_Kelompok1\.gradle\9.2.0\fileHashes)"        [_thread_blocked, id=22104, stack(0x0000003118500000,0x0000003118600000) (1024K)]
  0x000002067ba71650 JavaThread "Cache worker for Build Output Cleanup Cache (D:\Document Penting\Semester 4\Tugas Besar PBO\TUBES_PBO\TubesPBO_Kelompok1\.gradle\buildOutputCleanup)"        [_thread_blocked, id=28628, stack(0x0000003118600000,0x0000003118700000) (1024K)]
=>0x000002067bcb1620 JavaThread "C2 CompilerThread1"         daemon [_thread_in_native, id=2672, stack(0x0000003118700000,0x0000003118800000) (1024K)]
  0x000002067c552860 JavaThread "C2 CompilerThread2"         daemon [_thread_in_native, id=12692, stack(0x0000003118800000,0x0000003118900000) (1024K)]
  0x000002067ba72370 JavaThread "Cache worker for checksums cache (D:\Document Penting\Semester 4\Tugas Besar PBO\TUBES_PBO\TubesPBO_Kelompok1\.gradle\9.2.0\checksums)"        [_thread_blocked, id=20568, stack(0x0000003118e00000,0x0000003118f00000) (1024K)]
  0x000002067ba74ad0 JavaThread "Cache worker for cache directory md-supplier (C:\Users\HP\.gradle\caches\9.2.0\md-supplier)"        [_thread_blocked, id=21608, stack(0x0000003118f00000,0x0000003119000000) (1024K)]
  0x000002067ba70930 JavaThread "Cache worker for cache directory md-rule (C:\Users\HP\.gradle\caches\9.2.0\md-rule)"        [_thread_blocked, id=15180, stack(0x0000003119400000,0x0000003119500000) (1024K)]
  0x000002067ba75160 JavaThread "jar transforms Thread 9"           [_thread_blocked, id=11712, stack(0x0000003119600000,0x0000003119700000) (1024K)]
  0x000002067ba757f0 JavaThread "jar transforms Thread 10"          [_thread_blocked, id=20464, stack(0x0000003119700000,0x0000003119800000) (1024K)]
  0x000002067af6d740 JavaThread "C1 CompilerThread1"         daemon [_thread_blocked, id=9808, stack(0x0000003119900000,0x0000003119a00000) (1024K)]
  0x000002067ba75e80 JavaThread "Unconstrained build operations"        [_thread_blocked, id=20856, stack(0x0000003119a00000,0x0000003119b00000) (1024K)]
  0x000002067ba6eef0 JavaThread "Unconstrained build operations Thread 2"        [_thread_blocked, id=15964, stack(0x0000003119d00000,0x0000003119e00000) (1024K)]
  0x000002067b0ca7f0 JavaThread "C1 CompilerThread2"         daemon [_thread_blocked, id=27728, stack(0x0000003119e00000,0x0000003119f00000) (1024K)]
  0x000002067af98eb0 JavaThread "C2 CompilerThread3"         daemon [_thread_in_native, id=16756, stack(0x0000003119f00000,0x000000311a000000) (1024K)]
Total: 57

Other Threads:
  0x000002065e75f8e0 VMThread "VM Thread"                           [id=15268, stack(0x0000003116700000,0x0000003116800000) (1024K)]
  0x000002065e74fd30 WatcherThread "VM Periodic Task Thread"        [id=20340, stack(0x0000003116600000,0x0000003116700000) (1024K)]
  0x000002064832d420 WorkerThread "GC Thread#0"                     [id=14732, stack(0x0000003116100000,0x0000003116200000) (1024K)]
  0x000002065eaad690 WorkerThread "GC Thread#1"                     [id=21412, stack(0x0000003117200000,0x0000003117300000) (1024K)]
  0x000002065eaada40 WorkerThread "GC Thread#2"                     [id=19520, stack(0x0000003117300000,0x0000003117400000) (1024K)]
  0x000002065eb262a0 WorkerThread "GC Thread#3"                     [id=2480, stack(0x0000003117400000,0x0000003117500000) (1024K)]
  0x000002065eb26650 WorkerThread "GC Thread#4"                     [id=27536, stack(0x0000003117500000,0x0000003117600000) (1024K)]
  0x000002065eb26a00 WorkerThread "GC Thread#5"                     [id=27692, stack(0x0000003117600000,0x0000003117700000) (1024K)]
  0x000002065e809370 WorkerThread "GC Thread#6"                     [id=25472, stack(0x0000003117b00000,0x0000003117c00000) (1024K)]
  0x000002065ea53430 WorkerThread "GC Thread#7"                     [id=2372, stack(0x0000003117c00000,0x0000003117d00000) (1024K)]
  0x000002065e880650 WorkerThread "GC Thread#8"                     [id=20404, stack(0x0000003117d00000,0x0000003117e00000) (1024K)]
  0x000002065e882480 WorkerThread "GC Thread#9"                     [id=28396, stack(0x0000003117e00000,0x0000003117f00000) (1024K)]
  0x000002065e8815c0 WorkerThread "GC Thread#10"                    [id=16632, stack(0x0000003117f00000,0x0000003118000000) (1024K)]
  0x000002065e881210 WorkerThread "GC Thread#11"                    [id=19832, stack(0x0000003118000000,0x0000003118100000) (1024K)]
  0x000002065e881d20 WorkerThread "GC Thread#12"                    [id=23492, stack(0x0000003118100000,0x0000003118200000) (1024K)]
  0x0000020648334430 ConcurrentGCThread "G1 Main Marker"            [id=22152, stack(0x0000003116200000,0x0000003116300000) (1024K)]
  0x00000206483350f0 WorkerThread "G1 Conc#0"                       [id=11556, stack(0x0000003116300000,0x0000003116400000) (1024K)]
  0x000002065e8820d0 WorkerThread "G1 Conc#1"                       [id=3052, stack(0x0000003118c00000,0x0000003118d00000) (1024K)]
  0x000002067a0fab70 WorkerThread "G1 Conc#2"                       [id=22712, stack(0x0000003118d00000,0x0000003118e00000) (1024K)]
  0x00000206483be970 ConcurrentGCThread "G1 Refine#0"               [id=18656, stack(0x0000003116400000,0x0000003116500000) (1024K)]
  0x000002065e61c790 ConcurrentGCThread "G1 Service"                [id=24320, stack(0x0000003116500000,0x0000003116600000) (1024K)]
Total: 21

Threads with active compile tasks:
C2 CompilerThread0  241543 7981 %     4       org.gradle.internal.instantiation.generator.AbstractClassGenerator::inspectType @ 77 (602 bytes)
C2 CompilerThread1  241543 8197       4       java.lang.invoke.MethodType::makeImpl (109 bytes)
C2 CompilerThread2  241543 8123       4       java.beans.MethodRef::set (58 bytes)
C2 CompilerThread3  241543 8219       4       jdk.internal.org.objectweb.asm.MethodWriter::visitInsn (115 bytes)
Total: 4

VM state: not at safepoint (normal execution)

VM Mutex/Monitor currently owned by a thread: None

Heap address: 0x00000000e0000000, size: 512 MB, Compressed Oops mode: 32-bit

CDS archive(s) mapped at: [0x000002065f000000-0x000002065fba0000-0x000002065fba0000), size 12189696, SharedBaseAddress: 0x000002065f000000, ArchiveRelocationMode: 1.
Compressed class space mapped at: 0x0000020660000000-0x0000020674000000, reserved size: 335544320
Narrow klass base: 0x000002065f000000, Narrow klass shift: 0, Narrow klass range: 0x100000000

GC Precious Log:
 CardTable entry size: 512
 Card Set container configuration: InlinePtr #cards 5 size 8 Array Of Cards #cards 12 size 40 Howl #buckets 4 coarsen threshold 1843 Howl Bitmap #cards 512 size 80 coarsen threshold 460 Card regions per heap region 1 cards per card region 2048
 CPUs: 16 total, 16 available
 Memory: 7501M
 Large Page Support: Disabled
 NUMA Support: Disabled
 Compressed Oops: Enabled (32-bit)
 Heap Region Size: 1M
 Heap Min Capacity: 256M
 Heap Initial Capacity: 256M
 Heap Max Capacity: 512M
 Pre-touch: Disabled
 Parallel Workers: 13
 Concurrent Workers: 3
 Concurrent Refinement Workers: 13
 Periodic GC: Disabled

Heap:
 garbage-first heap   total 262144K, used 90138K [0x00000000e0000000, 0x0000000100000000)
  region size 1024K, 62 young (63488K), 20 survivors (20480K)
 Metaspace       used 60613K, committed 62912K, reserved 393216K
  class space    used 9258K, committed 10368K, reserved 327680K

Heap Regions: E=young(eden), S=young(survivor), O=old, HS=humongous(starts), HC=humongous(continues), CS=collection set, F=free, TAMS=top-at-mark-start, PB=parsable bottom
|   0|0x00000000e0000000, 0x00000000e0100000, 0x00000000e0100000|100%|HS|  |TAMS 0x00000000e0000000| PB 0x00000000e0000000| Complete 
|   1|0x00000000e0100000, 0x00000000e0200000, 0x00000000e0200000|100%|HC|  |TAMS 0x00000000e0100000| PB 0x00000000e0100000| Complete 
|   2|0x00000000e0200000, 0x00000000e0300000, 0x00000000e0300000|100%|HC|  |TAMS 0x00000000e0200000| PB 0x00000000e0200000| Complete 
|   3|0x00000000e0300000, 0x00000000e0400000, 0x00000000e0400000|100%|HC|  |TAMS 0x00000000e0300000| PB 0x00000000e0300000| Complete 
|   4|0x00000000e0400000, 0x00000000e0500000, 0x00000000e0500000|100%| O|  |TAMS 0x00000000e0400000| PB 0x00000000e0400000| Untracked 
|   5|0x00000000e0500000, 0x00000000e0600000, 0x00000000e0600000|100%| O|  |TAMS 0x00000000e0500000| PB 0x00000000e0500000| Untracked 
|   6|0x00000000e0600000, 0x00000000e0700000, 0x00000000e0700000|100%| O|  |TAMS 0x00000000e0600000| PB 0x00000000e0600000| Untracked 
|   7|0x00000000e0700000, 0x00000000e0800000, 0x00000000e0800000|100%|HS|  |TAMS 0x00000000e0700000| PB 0x00000000e0700000| Complete 
|   8|0x00000000e0800000, 0x00000000e0900000, 0x00000000e0900000|100%| O|  |TAMS 0x00000000e0800000| PB 0x00000000e0800000| Untracked 
|   9|0x00000000e0900000, 0x00000000e0a00000, 0x00000000e0a00000|100%| O|  |TAMS 0x00000000e0900000| PB 0x00000000e0900000| Untracked 
|  10|0x00000000e0a00000, 0x00000000e0b00000, 0x00000000e0b00000|100%| O|  |TAMS 0x00000000e0a00000| PB 0x00000000e0a00000| Untracked 
|  11|0x00000000e0b00000, 0x00000000e0c00000, 0x00000000e0c00000|100%| O|  |TAMS 0x00000000e0b00000| PB 0x00000000e0b00000| Untracked 
|  12|0x00000000e0c00000, 0x00000000e0d00000, 0x00000000e0d00000|100%| O|  |TAMS 0x00000000e0c00000| PB 0x00000000e0c00000| Untracked 
|  13|0x00000000e0d00000, 0x00000000e0e00000, 0x00000000e0e00000|100%| O|  |TAMS 0x00000000e0d00000| PB 0x00000000e0d00000| Untracked 
|  14|0x00000000e0e00000, 0x00000000e0f00000, 0x00000000e0f00000|100%| O|  |TAMS 0x00000000e0e00000| PB 0x00000000e0e00000| Untracked 
|  15|0x00000000e0f00000, 0x00000000e1000000, 0x00000000e1000000|100%| O|  |TAMS 0x00000000e0f00000| PB 0x00000000e0f00000| Untracked 
|  16|0x00000000e1000000, 0x00000000e1100000, 0x00000000e1100000|100%| O|  |TAMS 0x00000000e1000000| PB 0x00000000e1000000| Untracked 
|  17|0x00000000e1100000, 0x00000000e1200000, 0x00000000e1200000|100%| O|  |TAMS 0x00000000e1100000| PB 0x00000000e1100000| Untracked 
|  18|0x00000000e1200000, 0x00000000e1300000, 0x00000000e1300000|100%| O|  |TAMS 0x00000000e1200000| PB 0x00000000e1200000| Untracked 
|  19|0x00000000e1300000, 0x00000000e1400000, 0x00000000e1400000|100%| O|Cm|TAMS 0x00000000e1300000| PB 0x00000000e1300000| Complete 
|  20|0x00000000e1400000, 0x00000000e1500000, 0x00000000e1500000|100%| O|  |TAMS 0x00000000e1400000| PB 0x00000000e1400000| Untracked 
|  21|0x00000000e1500000, 0x00000000e1600000, 0x00000000e1600000|100%| O|  |TAMS 0x00000000e1500000| PB 0x00000000e1500000| Untracked 
|  22|0x00000000e1600000, 0x00000000e1700000, 0x00000000e1700000|100%| O|  |TAMS 0x00000000e1600000| PB 0x00000000e1600000| Untracked 
|  23|0x00000000e1700000, 0x00000000e1800000, 0x00000000e1800000|100%| O|  |TAMS 0x00000000e1700000| PB 0x00000000e1700000| Untracked 
|  24|0x00000000e1800000, 0x00000000e1900000, 0x00000000e1900000|100%| O|  |TAMS 0x00000000e1800000| PB 0x00000000e1800000| Untracked 
|  25|0x00000000e1900000, 0x00000000e1a00000, 0x00000000e1a00000|100%| O|  |TAMS 0x00000000e1900000| PB 0x00000000e1900000| Untracked 
|  26|0x00000000e1a00000, 0x00000000e1b00000, 0x00000000e1b00000|100%| O|  |TAMS 0x00000000e1a00000| PB 0x00000000e1a00000| Untracked 
|  27|0x00000000e1b00000, 0x00000000e1c00000, 0x00000000e1c00000|100%| O|  |TAMS 0x00000000e1b00000| PB 0x00000000e1b00000| Untracked 
|  28|0x00000000e1c00000, 0x00000000e1cc6598, 0x00000000e1d00000| 77%| O|  |TAMS 0x00000000e1c00000| PB 0x00000000e1c00000| Untracked 
|  29|0x00000000e1d00000, 0x00000000e1d00000, 0x00000000e1e00000|  0%| F|  |TAMS 0x00000000e1d00000| PB 0x00000000e1d00000| Untracked 
|  30|0x00000000e1e00000, 0x00000000e1e00000, 0x00000000e1f00000|  0%| F|  |TAMS 0x00000000e1e00000| PB 0x00000000e1e00000| Untracked 
|  31|0x00000000e1f00000, 0x00000000e1f00000, 0x00000000e2000000|  0%| F|  |TAMS 0x00000000e1f00000| PB 0x00000000e1f00000| Untracked 
|  32|0x00000000e2000000, 0x00000000e2000000, 0x00000000e2100000|  0%| F|  |TAMS 0x00000000e2000000| PB 0x00000000e2000000| Untracked 
|  33|0x00000000e2100000, 0x00000000e2100000, 0x00000000e2200000|  0%| F|  |TAMS 0x00000000e2100000| PB 0x00000000e2100000| Untracked 
|  34|0x00000000e2200000, 0x00000000e2200000, 0x00000000e2300000|  0%| F|  |TAMS 0x00000000e2200000| PB 0x00000000e2200000| Untracked 
|  35|0x00000000e2300000, 0x00000000e2300000, 0x00000000e2400000|  0%| F|  |TAMS 0x00000000e2300000| PB 0x00000000e2300000| Untracked 
|  36|0x00000000e2400000, 0x00000000e2400000, 0x00000000e2500000|  0%| F|  |TAMS 0x00000000e2400000| PB 0x00000000e2400000| Untracked 
|  37|0x00000000e2500000, 0x00000000e2500000, 0x00000000e2600000|  0%| F|  |TAMS 0x00000000e2500000| PB 0x00000000e2500000| Untracked 
|  38|0x00000000e2600000, 0x00000000e2600000, 0x00000000e2700000|  0%| F|  |TAMS 0x00000000e2600000| PB 0x00000000e2600000| Untracked 
|  39|0x00000000e2700000, 0x00000000e2700000, 0x00000000e2800000|  0%| F|  |TAMS 0x00000000e2700000| PB 0x00000000e2700000| Untracked 
|  40|0x00000000e2800000, 0x00000000e2800000, 0x00000000e2900000|  0%| F|  |TAMS 0x00000000e2800000| PB 0x00000000e2800000| Untracked 
|  41|0x00000000e2900000, 0x00000000e2900000, 0x00000000e2a00000|  0%| F|  |TAMS 0x00000000e2900000| PB 0x00000000e2900000| Untracked 
|  42|0x00000000e2a00000, 0x00000000e2a00000, 0x00000000e2b00000|  0%| F|  |TAMS 0x00000000e2a00000| PB 0x00000000e2a00000| Untracked 
|  43|0x00000000e2b00000, 0x00000000e2b00000, 0x00000000e2c00000|  0%| F|  |TAMS 0x00000000e2b00000| PB 0x00000000e2b00000| Untracked 
|  44|0x00000000e2c00000, 0x00000000e2c00000, 0x00000000e2d00000|  0%| F|  |TAMS 0x00000000e2c00000| PB 0x00000000e2c00000| Untracked 
|  45|0x00000000e2d00000, 0x00000000e2d00000, 0x00000000e2e00000|  0%| F|  |TAMS 0x00000000e2d00000| PB 0x00000000e2d00000| Untracked 
|  46|0x00000000e2e00000, 0x00000000e2e00000, 0x00000000e2f00000|  0%| F|  |TAMS 0x00000000e2e00000| PB 0x00000000e2e00000| Untracked 
|  47|0x00000000e2f00000, 0x00000000e2f00000, 0x00000000e3000000|  0%| F|  |TAMS 0x00000000e2f00000| PB 0x00000000e2f00000| Untracked 
|  48|0x00000000e3000000, 0x00000000e3000000, 0x00000000e3100000|  0%| F|  |TAMS 0x00000000e3000000| PB 0x00000000e3000000| Untracked 
|  49|0x00000000e3100000, 0x00000000e3100000, 0x00000000e3200000|  0%| F|  |TAMS 0x00000000e3100000| PB 0x00000000e3100000| Untracked 
|  50|0x00000000e3200000, 0x00000000e3200000, 0x00000000e3300000|  0%| F|  |TAMS 0x00000000e3200000| PB 0x00000000e3200000| Untracked 
|  51|0x00000000e3300000, 0x00000000e3300000, 0x00000000e3400000|  0%| F|  |TAMS 0x00000000e3300000| PB 0x00000000e3300000| Untracked 
|  52|0x00000000e3400000, 0x00000000e3400000, 0x00000000e3500000|  0%| F|  |TAMS 0x00000000e3400000| PB 0x00000000e3400000| Untracked 
|  53|0x00000000e3500000, 0x00000000e3500000, 0x00000000e3600000|  0%| F|  |TAMS 0x00000000e3500000| PB 0x00000000e3500000| Untracked 
|  54|0x00000000e3600000, 0x00000000e3600000, 0x00000000e3700000|  0%| F|  |TAMS 0x00000000e3600000| PB 0x00000000e3600000| Untracked 
|  55|0x00000000e3700000, 0x00000000e3700000, 0x00000000e3800000|  0%| F|  |TAMS 0x00000000e3700000| PB 0x00000000e3700000| Untracked 
|  56|0x00000000e3800000, 0x00000000e3800000, 0x00000000e3900000|  0%| F|  |TAMS 0x00000000e3800000| PB 0x00000000e3800000| Untracked 
|  57|0x00000000e3900000, 0x00000000e3900000, 0x00000000e3a00000|  0%| F|  |TAMS 0x00000000e3900000| PB 0x00000000e3900000| Untracked 
|  58|0x00000000e3a00000, 0x00000000e3a00000, 0x00000000e3b00000|  0%| F|  |TAMS 0x00000000e3a00000| PB 0x00000000e3a00000| Untracked 
|  59|0x00000000e3b00000, 0x00000000e3b00000, 0x00000000e3c00000|  0%| F|  |TAMS 0x00000000e3b00000| PB 0x00000000e3b00000| Untracked 
|  60|0x00000000e3c00000, 0x00000000e3c00000, 0x00000000e3d00000|  0%| F|  |TAMS 0x00000000e3c00000| PB 0x00000000e3c00000| Untracked 
|  61|0x00000000e3d00000, 0x00000000e3d00000, 0x00000000e3e00000|  0%| F|  |TAMS 0x00000000e3d00000| PB 0x00000000e3d00000| Untracked 
|  62|0x00000000e3e00000, 0x00000000e3e00000, 0x00000000e3f00000|  0%| F|  |TAMS 0x00000000e3e00000| PB 0x00000000e3e00000| Untracked 
|  63|0x00000000e3f00000, 0x00000000e3f00000, 0x00000000e4000000|  0%| F|  |TAMS 0x00000000e3f00000| PB 0x00000000e3f00000| Untracked 
|  64|0x00000000e4000000, 0x00000000e4000000, 0x00000000e4100000|  0%| F|  |TAMS 0x00000000e4000000| PB 0x00000000e4000000| Untracked 
|  65|0x00000000e4100000, 0x00000000e4100000, 0x00000000e4200000|  0%| F|  |TAMS 0x00000000e4100000| PB 0x00000000e4100000| Untracked 
|  66|0x00000000e4200000, 0x00000000e4200000, 0x00000000e4300000|  0%| F|  |TAMS 0x00000000e4200000| PB 0x00000000e4200000| Untracked 
|  67|0x00000000e4300000, 0x00000000e4300000, 0x00000000e4400000|  0%| F|  |TAMS 0x00000000e4300000| PB 0x00000000e4300000| Untracked 
|  68|0x00000000e4400000, 0x00000000e4400000, 0x00000000e4500000|  0%| F|  |TAMS 0x00000000e4400000| PB 0x00000000e4400000| Untracked 
|  69|0x00000000e4500000, 0x00000000e4500000, 0x00000000e4600000|  0%| F|  |TAMS 0x00000000e4500000| PB 0x00000000e4500000| Untracked 
|  70|0x00000000e4600000, 0x00000000e4600000, 0x00000000e4700000|  0%| F|  |TAMS 0x00000000e4600000| PB 0x00000000e4600000| Untracked 
|  71|0x00000000e4700000, 0x00000000e4700000, 0x00000000e4800000|  0%| F|  |TAMS 0x00000000e4700000| PB 0x00000000e4700000| Untracked 
|  72|0x00000000e4800000, 0x00000000e4800000, 0x00000000e4900000|  0%| F|  |TAMS 0x00000000e4800000| PB 0x00000000e4800000| Untracked 
|  73|0x00000000e4900000, 0x00000000e4900000, 0x00000000e4a00000|  0%| F|  |TAMS 0x00000000e4900000| PB 0x00000000e4900000| Untracked 
|  74|0x00000000e4a00000, 0x00000000e4a00000, 0x00000000e4b00000|  0%| F|  |TAMS 0x00000000e4a00000| PB 0x00000000e4a00000| Untracked 
|  75|0x00000000e4b00000, 0x00000000e4b00000, 0x00000000e4c00000|  0%| F|  |TAMS 0x00000000e4b00000| PB 0x00000000e4b00000| Untracked 
|  76|0x00000000e4c00000, 0x00000000e4c00000, 0x00000000e4d00000|  0%| F|  |TAMS 0x00000000e4c00000| PB 0x00000000e4c00000| Untracked 
|  77|0x00000000e4d00000, 0x00000000e4d00000, 0x00000000e4e00000|  0%| F|  |TAMS 0x00000000e4d00000| PB 0x00000000e4d00000| Untracked 
|  78|0x00000000e4e00000, 0x00000000e4e00000, 0x00000000e4f00000|  0%| F|  |TAMS 0x00000000e4e00000| PB 0x00000000e4e00000| Untracked 
|  79|0x00000000e4f00000, 0x00000000e4f00000, 0x00000000e5000000|  0%| F|  |TAMS 0x00000000e4f00000| PB 0x00000000e4f00000| Untracked 
|  80|0x00000000e5000000, 0x00000000e5000000, 0x00000000e5100000|  0%| F|  |TAMS 0x00000000e5000000| PB 0x00000000e5000000| Untracked 
|  81|0x00000000e5100000, 0x00000000e5100000, 0x00000000e5200000|  0%| F|  |TAMS 0x00000000e5100000| PB 0x00000000e5100000| Untracked 
|  82|0x00000000e5200000, 0x00000000e5200000, 0x00000000e5300000|  0%| F|  |TAMS 0x00000000e5200000| PB 0x00000000e5200000| Untracked 
|  83|0x00000000e5300000, 0x00000000e5300000, 0x00000000e5400000|  0%| F|  |TAMS 0x00000000e5300000| PB 0x00000000e5300000| Untracked 
|  84|0x00000000e5400000, 0x00000000e5400000, 0x00000000e5500000|  0%| F|  |TAMS 0x00000000e5400000| PB 0x00000000e5400000| Untracked 
|  85|0x00000000e5500000, 0x00000000e5500000, 0x00000000e5600000|  0%| F|  |TAMS 0x00000000e5500000| PB 0x00000000e5500000| Untracked 
|  86|0x00000000e5600000, 0x00000000e5600000, 0x00000000e5700000|  0%| F|  |TAMS 0x00000000e5600000| PB 0x00000000e5600000| Untracked 
|  87|0x00000000e5700000, 0x00000000e5700000, 0x00000000e5800000|  0%| F|  |TAMS 0x00000000e5700000| PB 0x00000000e5700000| Untracked 
|  88|0x00000000e5800000, 0x00000000e5800000, 0x00000000e5900000|  0%| F|  |TAMS 0x00000000e5800000| PB 0x00000000e5800000| Untracked 
|  89|0x00000000e5900000, 0x00000000e5900000, 0x00000000e5a00000|  0%| F|  |TAMS 0x00000000e5900000| PB 0x00000000e5900000| Untracked 
|  90|0x00000000e5a00000, 0x00000000e5a00000, 0x00000000e5b00000|  0%| F|  |TAMS 0x00000000e5a00000| PB 0x00000000e5a00000| Untracked 
|  91|0x00000000e5b00000, 0x00000000e5b00000, 0x00000000e5c00000|  0%| F|  |TAMS 0x00000000e5b00000| PB 0x00000000e5b00000| Untracked 
|  92|0x00000000e5c00000, 0x00000000e5c00000, 0x00000000e5d00000|  0%| F|  |TAMS 0x00000000e5c00000| PB 0x00000000e5c00000| Untracked 
|  93|0x00000000e5d00000, 0x00000000e5d00000, 0x00000000e5e00000|  0%| F|  |TAMS 0x00000000e5d00000| PB 0x00000000e5d00000| Untracked 
|  94|0x00000000e5e00000, 0x00000000e5e00000, 0x00000000e5f00000|  0%| F|  |TAMS 0x00000000e5e00000| PB 0x00000000e5e00000| Untracked 
|  95|0x00000000e5f00000, 0x00000000e5f00000, 0x00000000e6000000|  0%| F|  |TAMS 0x00000000e5f00000| PB 0x00000000e5f00000| Untracked 
|  96|0x00000000e6000000, 0x00000000e6000000, 0x00000000e6100000|  0%| F|  |TAMS 0x00000000e6000000| PB 0x00000000e6000000| Untracked 
|  97|0x00000000e6100000, 0x00000000e6100000, 0x00000000e6200000|  0%| F|  |TAMS 0x00000000e6100000| PB 0x00000000e6100000| Untracked 
|  98|0x00000000e6200000, 0x00000000e6200000, 0x00000000e6300000|  0%| F|  |TAMS 0x00000000e6200000| PB 0x00000000e6200000| Untracked 
|  99|0x00000000e6300000, 0x00000000e6300000, 0x00000000e6400000|  0%| F|  |TAMS 0x00000000e6300000| PB 0x00000000e6300000| Untracked 
| 100|0x00000000e6400000, 0x00000000e6400000, 0x00000000e6500000|  0%| F|  |TAMS 0x00000000e6400000| PB 0x00000000e6400000| Untracked 
| 101|0x00000000e6500000, 0x00000000e6500000, 0x00000000e6600000|  0%| F|  |TAMS 0x00000000e6500000| PB 0x00000000e6500000| Untracked 
| 102|0x00000000e6600000, 0x00000000e6600000, 0x00000000e6700000|  0%| F|  |TAMS 0x00000000e6600000| PB 0x00000000e6600000| Untracked 
| 103|0x00000000e6700000, 0x00000000e6700000, 0x00000000e6800000|  0%| F|  |TAMS 0x00000000e6700000| PB 0x00000000e6700000| Untracked 
| 104|0x00000000e6800000, 0x00000000e6800000, 0x00000000e6900000|  0%| F|  |TAMS 0x00000000e6800000| PB 0x00000000e6800000| Untracked 
| 105|0x00000000e6900000, 0x00000000e6900000, 0x00000000e6a00000|  0%| F|  |TAMS 0x00000000e6900000| PB 0x00000000e6900000| Untracked 
| 106|0x00000000e6a00000, 0x00000000e6a00000, 0x00000000e6b00000|  0%| F|  |TAMS 0x00000000e6a00000| PB 0x00000000e6a00000| Untracked 
| 107|0x00000000e6b00000, 0x00000000e6b00000, 0x00000000e6c00000|  0%| F|  |TAMS 0x00000000e6b00000| PB 0x00000000e6b00000| Untracked 
| 108|0x00000000e6c00000, 0x00000000e6c00000, 0x00000000e6d00000|  0%| F|  |TAMS 0x00000000e6c00000| PB 0x00000000e6c00000| Untracked 
| 109|0x00000000e6d00000, 0x00000000e6d00000, 0x00000000e6e00000|  0%| F|  |TAMS 0x00000000e6d00000| PB 0x00000000e6d00000| Untracked 
| 110|0x00000000e6e00000, 0x00000000e6e00000, 0x00000000e6f00000|  0%| F|  |TAMS 0x00000000e6e00000| PB 0x00000000e6e00000| Untracked 
| 111|0x00000000e6f00000, 0x00000000e6f00000, 0x00000000e7000000|  0%| F|  |TAMS 0x00000000e6f00000| PB 0x00000000e6f00000| Untracked 
| 112|0x00000000e7000000, 0x00000000e7000000, 0x00000000e7100000|  0%| F|  |TAMS 0x00000000e7000000| PB 0x00000000e7000000| Untracked 
| 113|0x00000000e7100000, 0x00000000e7100000, 0x00000000e7200000|  0%| F|  |TAMS 0x00000000e7100000| PB 0x00000000e7100000| Untracked 
| 114|0x00000000e7200000, 0x00000000e7200000, 0x00000000e7300000|  0%| F|  |TAMS 0x00000000e7200000| PB 0x00000000e7200000| Untracked 
| 115|0x00000000e7300000, 0x00000000e7300000, 0x00000000e7400000|  0%| F|  |TAMS 0x00000000e7300000| PB 0x00000000e7300000| Untracked 
| 116|0x00000000e7400000, 0x00000000e7400000, 0x00000000e7500000|  0%| F|  |TAMS 0x00000000e7400000| PB 0x00000000e7400000| Untracked 
| 117|0x00000000e7500000, 0x00000000e7500000, 0x00000000e7600000|  0%| F|  |TAMS 0x00000000e7500000| PB 0x00000000e7500000| Untracked 
| 118|0x00000000e7600000, 0x00000000e7600000, 0x00000000e7700000|  0%| F|  |TAMS 0x00000000e7600000| PB 0x00000000e7600000| Untracked 
| 119|0x00000000e7700000, 0x00000000e7700000, 0x00000000e7800000|  0%| F|  |TAMS 0x00000000e7700000| PB 0x00000000e7700000| Untracked 
| 120|0x00000000e7800000, 0x00000000e7800000, 0x00000000e7900000|  0%| F|  |TAMS 0x00000000e7800000| PB 0x00000000e7800000| Untracked 
| 121|0x00000000e7900000, 0x00000000e7900000, 0x00000000e7a00000|  0%| F|  |TAMS 0x00000000e7900000| PB 0x00000000e7900000| Untracked 
| 122|0x00000000e7a00000, 0x00000000e7a00000, 0x00000000e7b00000|  0%| F|  |TAMS 0x00000000e7a00000| PB 0x00000000e7a00000| Untracked 
| 123|0x00000000e7b00000, 0x00000000e7b00000, 0x00000000e7c00000|  0%| F|  |TAMS 0x00000000e7b00000| PB 0x00000000e7b00000| Untracked 
| 124|0x00000000e7c00000, 0x00000000e7c00000, 0x00000000e7d00000|  0%| F|  |TAMS 0x00000000e7c00000| PB 0x00000000e7c00000| Untracked 
| 125|0x00000000e7d00000, 0x00000000e7d00000, 0x00000000e7e00000|  0%| F|  |TAMS 0x00000000e7d00000| PB 0x00000000e7d00000| Untracked 
| 126|0x00000000e7e00000, 0x00000000e7e00000, 0x00000000e7f00000|  0%| F|  |TAMS 0x00000000e7e00000| PB 0x00000000e7e00000| Untracked 
| 127|0x00000000e7f00000, 0x00000000e7f00000, 0x00000000e8000000|  0%| F|  |TAMS 0x00000000e7f00000| PB 0x00000000e7f00000| Untracked 
| 128|0x00000000e8000000, 0x00000000e8000000, 0x00000000e8100000|  0%| F|  |TAMS 0x00000000e8000000| PB 0x00000000e8000000| Untracked 
| 129|0x00000000e8100000, 0x00000000e8100000, 0x00000000e8200000|  0%| F|  |TAMS 0x00000000e8100000| PB 0x00000000e8100000| Untracked 
| 130|0x00000000e8200000, 0x00000000e8200000, 0x00000000e8300000|  0%| F|  |TAMS 0x00000000e8200000| PB 0x00000000e8200000| Untracked 
| 131|0x00000000e8300000, 0x00000000e83402f8, 0x00000000e8400000| 25%| S|CS|TAMS 0x00000000e8300000| PB 0x00000000e8300000| Complete 
| 132|0x00000000e8400000, 0x00000000e8500000, 0x00000000e8500000|100%| S|CS|TAMS 0x00000000e8400000| PB 0x00000000e8400000| Complete 
| 133|0x00000000e8500000, 0x00000000e8600000, 0x00000000e8600000|100%| S|CS|TAMS 0x00000000e8500000| PB 0x00000000e8500000| Complete 
| 134|0x00000000e8600000, 0x00000000e8700000, 0x00000000e8700000|100%| S|CS|TAMS 0x00000000e8600000| PB 0x00000000e8600000| Complete 
| 135|0x00000000e8700000, 0x00000000e8800000, 0x00000000e8800000|100%| S|CS|TAMS 0x00000000e8700000| PB 0x00000000e8700000| Complete 
| 136|0x00000000e8800000, 0x00000000e8900000, 0x00000000e8900000|100%| S|CS|TAMS 0x00000000e8800000| PB 0x00000000e8800000| Complete 
| 137|0x00000000e8900000, 0x00000000e8a00000, 0x00000000e8a00000|100%| S|CS|TAMS 0x00000000e8900000| PB 0x00000000e8900000| Complete 
| 138|0x00000000e8a00000, 0x00000000e8b00000, 0x00000000e8b00000|100%| S|CS|TAMS 0x00000000e8a00000| PB 0x00000000e8a00000| Complete 
| 139|0x00000000e8b00000, 0x00000000e8c00000, 0x00000000e8c00000|100%| S|CS|TAMS 0x00000000e8b00000| PB 0x00000000e8b00000| Complete 
| 140|0x00000000e8c00000, 0x00000000e8d00000, 0x00000000e8d00000|100%| S|CS|TAMS 0x00000000e8c00000| PB 0x00000000e8c00000| Complete 
| 141|0x00000000e8d00000, 0x00000000e8e00000, 0x00000000e8e00000|100%| S|CS|TAMS 0x00000000e8d00000| PB 0x00000000e8d00000| Complete 
| 142|0x00000000e8e00000, 0x00000000e8f00000, 0x00000000e8f00000|100%| S|CS|TAMS 0x00000000e8e00000| PB 0x00000000e8e00000| Complete 
| 143|0x00000000e8f00000, 0x00000000e9000000, 0x00000000e9000000|100%| S|CS|TAMS 0x00000000e8f00000| PB 0x00000000e8f00000| Complete 
| 144|0x00000000e9000000, 0x00000000e9100000, 0x00000000e9100000|100%| S|CS|TAMS 0x00000000e9000000| PB 0x00000000e9000000| Complete 
| 145|0x00000000e9100000, 0x00000000e9200000, 0x00000000e9200000|100%| S|CS|TAMS 0x00000000e9100000| PB 0x00000000e9100000| Complete 
| 146|0x00000000e9200000, 0x00000000e9300000, 0x00000000e9300000|100%| S|CS|TAMS 0x00000000e9200000| PB 0x00000000e9200000| Complete 
| 147|0x00000000e9300000, 0x00000000e9400000, 0x00000000e9400000|100%| S|CS|TAMS 0x00000000e9300000| PB 0x00000000e9300000| Complete 
| 148|0x00000000e9400000, 0x00000000e9500000, 0x00000000e9500000|100%| S|CS|TAMS 0x00000000e9400000| PB 0x00000000e9400000| Complete 
| 149|0x00000000e9500000, 0x00000000e9600000, 0x00000000e9600000|100%| S|CS|TAMS 0x00000000e9500000| PB 0x00000000e9500000| Complete 
| 150|0x00000000e9600000, 0x00000000e9700000, 0x00000000e9700000|100%| S|CS|TAMS 0x00000000e9600000| PB 0x00000000e9600000| Complete 
| 151|0x00000000e9700000, 0x00000000e9700000, 0x00000000e9800000|  0%| F|  |TAMS 0x00000000e9700000| PB 0x00000000e9700000| Untracked 
| 152|0x00000000e9800000, 0x00000000e9800000, 0x00000000e9900000|  0%| F|  |TAMS 0x00000000e9800000| PB 0x00000000e9800000| Untracked 
| 153|0x00000000e9900000, 0x00000000e9900000, 0x00000000e9a00000|  0%| F|  |TAMS 0x00000000e9900000| PB 0x00000000e9900000| Untracked 
| 154|0x00000000e9a00000, 0x00000000e9a00000, 0x00000000e9b00000|  0%| F|  |TAMS 0x00000000e9a00000| PB 0x00000000e9a00000| Untracked 
| 155|0x00000000e9b00000, 0x00000000e9b00000, 0x00000000e9c00000|  0%| F|  |TAMS 0x00000000e9b00000| PB 0x00000000e9b00000| Untracked 
| 156|0x00000000e9c00000, 0x00000000e9c00000, 0x00000000e9d00000|  0%| F|  |TAMS 0x00000000e9c00000| PB 0x00000000e9c00000| Untracked 
| 157|0x00000000e9d00000, 0x00000000e9d00000, 0x00000000e9e00000|  0%| F|  |TAMS 0x00000000e9d00000| PB 0x00000000e9d00000| Untracked 
| 158|0x00000000e9e00000, 0x00000000e9e00000, 0x00000000e9f00000|  0%| F|  |TAMS 0x00000000e9e00000| PB 0x00000000e9e00000| Untracked 
| 159|0x00000000e9f00000, 0x00000000e9f00000, 0x00000000ea000000|  0%| F|  |TAMS 0x00000000e9f00000| PB 0x00000000e9f00000| Untracked 
| 160|0x00000000ea000000, 0x00000000ea000000, 0x00000000ea100000|  0%| F|  |TAMS 0x00000000ea000000| PB 0x00000000ea000000| Untracked 
| 161|0x00000000ea100000, 0x00000000ea100000, 0x00000000ea200000|  0%| F|  |TAMS 0x00000000ea100000| PB 0x00000000ea100000| Untracked 
| 162|0x00000000ea200000, 0x00000000ea200000, 0x00000000ea300000|  0%| F|  |TAMS 0x00000000ea200000| PB 0x00000000ea200000| Untracked 
| 163|0x00000000ea300000, 0x00000000ea300000, 0x00000000ea400000|  0%| F|  |TAMS 0x00000000ea300000| PB 0x00000000ea300000| Untracked 
| 164|0x00000000ea400000, 0x00000000ea400000, 0x00000000ea500000|  0%| F|  |TAMS 0x00000000ea400000| PB 0x00000000ea400000| Untracked 
| 165|0x00000000ea500000, 0x00000000ea500000, 0x00000000ea600000|  0%| F|  |TAMS 0x00000000ea500000| PB 0x00000000ea500000| Untracked 
| 166|0x00000000ea600000, 0x00000000ea600000, 0x00000000ea700000|  0%| F|  |TAMS 0x00000000ea600000| PB 0x00000000ea600000| Untracked 
| 167|0x00000000ea700000, 0x00000000ea700000, 0x00000000ea800000|  0%| F|  |TAMS 0x00000000ea700000| PB 0x00000000ea700000| Untracked 
| 168|0x00000000ea800000, 0x00000000ea800000, 0x00000000ea900000|  0%| F|  |TAMS 0x00000000ea800000| PB 0x00000000ea800000| Untracked 
| 169|0x00000000ea900000, 0x00000000ea900000, 0x00000000eaa00000|  0%| F|  |TAMS 0x00000000ea900000| PB 0x00000000ea900000| Untracked 
| 170|0x00000000eaa00000, 0x00000000eaa00000, 0x00000000eab00000|  0%| F|  |TAMS 0x00000000eaa00000| PB 0x00000000eaa00000| Untracked 
| 171|0x00000000eab00000, 0x00000000eab00000, 0x00000000eac00000|  0%| F|  |TAMS 0x00000000eab00000| PB 0x00000000eab00000| Untracked 
| 172|0x00000000eac00000, 0x00000000eac00000, 0x00000000ead00000|  0%| F|  |TAMS 0x00000000eac00000| PB 0x00000000eac00000| Untracked 
| 173|0x00000000ead00000, 0x00000000ead00000, 0x00000000eae00000|  0%| F|  |TAMS 0x00000000ead00000| PB 0x00000000ead00000| Untracked 
| 174|0x00000000eae00000, 0x00000000eae00000, 0x00000000eaf00000|  0%| F|  |TAMS 0x00000000eae00000| PB 0x00000000eae00000| Untracked 
| 175|0x00000000eaf00000, 0x00000000eaf00000, 0x00000000eb000000|  0%| F|  |TAMS 0x00000000eaf00000| PB 0x00000000eaf00000| Untracked 
| 176|0x00000000eb000000, 0x00000000eb000000, 0x00000000eb100000|  0%| F|  |TAMS 0x00000000eb000000| PB 0x00000000eb000000| Untracked 
| 177|0x00000000eb100000, 0x00000000eb100000, 0x00000000eb200000|  0%| F|  |TAMS 0x00000000eb100000| PB 0x00000000eb100000| Untracked 
| 178|0x00000000eb200000, 0x00000000eb200000, 0x00000000eb300000|  0%| F|  |TAMS 0x00000000eb200000| PB 0x00000000eb200000| Untracked 
| 179|0x00000000eb300000, 0x00000000eb300000, 0x00000000eb400000|  0%| F|  |TAMS 0x00000000eb300000| PB 0x00000000eb300000| Untracked 
| 180|0x00000000eb400000, 0x00000000eb400000, 0x00000000eb500000|  0%| F|  |TAMS 0x00000000eb400000| PB 0x00000000eb400000| Untracked 
| 181|0x00000000eb500000, 0x00000000eb500000, 0x00000000eb600000|  0%| F|  |TAMS 0x00000000eb500000| PB 0x00000000eb500000| Untracked 
| 182|0x00000000eb600000, 0x00000000eb600000, 0x00000000eb700000|  0%| F|  |TAMS 0x00000000eb600000| PB 0x00000000eb600000| Untracked 
| 183|0x00000000eb700000, 0x00000000eb700000, 0x00000000eb800000|  0%| F|  |TAMS 0x00000000eb700000| PB 0x00000000eb700000| Untracked 
| 184|0x00000000eb800000, 0x00000000eb800000, 0x00000000eb900000|  0%| F|  |TAMS 0x00000000eb800000| PB 0x00000000eb800000| Untracked 
| 185|0x00000000eb900000, 0x00000000eb900000, 0x00000000eba00000|  0%| F|  |TAMS 0x00000000eb900000| PB 0x00000000eb900000| Untracked 
| 186|0x00000000eba00000, 0x00000000eba00000, 0x00000000ebb00000|  0%| F|  |TAMS 0x00000000eba00000| PB 0x00000000eba00000| Untracked 
| 187|0x00000000ebb00000, 0x00000000ebb00000, 0x00000000ebc00000|  0%| F|  |TAMS 0x00000000ebb00000| PB 0x00000000ebb00000| Untracked 
| 188|0x00000000ebc00000, 0x00000000ebc00000, 0x00000000ebd00000|  0%| F|  |TAMS 0x00000000ebc00000| PB 0x00000000ebc00000| Untracked 
| 189|0x00000000ebd00000, 0x00000000ebd00000, 0x00000000ebe00000|  0%| F|  |TAMS 0x00000000ebd00000| PB 0x00000000ebd00000| Untracked 
| 190|0x00000000ebe00000, 0x00000000ebe00000, 0x00000000ebf00000|  0%| F|  |TAMS 0x00000000ebe00000| PB 0x00000000ebe00000| Untracked 
| 191|0x00000000ebf00000, 0x00000000ebf00000, 0x00000000ec000000|  0%| F|  |TAMS 0x00000000ebf00000| PB 0x00000000ebf00000| Untracked 
| 192|0x00000000ec000000, 0x00000000ec000000, 0x00000000ec100000|  0%| F|  |TAMS 0x00000000ec000000| PB 0x00000000ec000000| Untracked 
| 193|0x00000000ec100000, 0x00000000ec100000, 0x00000000ec200000|  0%| F|  |TAMS 0x00000000ec100000| PB 0x00000000ec100000| Untracked 
| 194|0x00000000ec200000, 0x00000000ec200000, 0x00000000ec300000|  0%| F|  |TAMS 0x00000000ec200000| PB 0x00000000ec200000| Untracked 
| 195|0x00000000ec300000, 0x00000000ec300000, 0x00000000ec400000|  0%| F|  |TAMS 0x00000000ec300000| PB 0x00000000ec300000| Untracked 
| 196|0x00000000ec400000, 0x00000000ec400000, 0x00000000ec500000|  0%| F|  |TAMS 0x00000000ec400000| PB 0x00000000ec400000| Untracked 
| 197|0x00000000ec500000, 0x00000000ec500000, 0x00000000ec600000|  0%| F|  |TAMS 0x00000000ec500000| PB 0x00000000ec500000| Untracked 
| 198|0x00000000ec600000, 0x00000000ec600000, 0x00000000ec700000|  0%| F|  |TAMS 0x00000000ec600000| PB 0x00000000ec600000| Untracked 
| 199|0x00000000ec700000, 0x00000000ec700000, 0x00000000ec800000|  0%| F|  |TAMS 0x00000000ec700000| PB 0x00000000ec700000| Untracked 
| 200|0x00000000ec800000, 0x00000000ec800000, 0x00000000ec900000|  0%| F|  |TAMS 0x00000000ec800000| PB 0x00000000ec800000| Untracked 
| 201|0x00000000ec900000, 0x00000000ec900000, 0x00000000eca00000|  0%| F|  |TAMS 0x00000000ec900000| PB 0x00000000ec900000| Untracked 
| 202|0x00000000eca00000, 0x00000000eca00000, 0x00000000ecb00000|  0%| F|  |TAMS 0x00000000eca00000| PB 0x00000000eca00000| Untracked 
| 203|0x00000000ecb00000, 0x00000000ecb00000, 0x00000000ecc00000|  0%| F|  |TAMS 0x00000000ecb00000| PB 0x00000000ecb00000| Untracked 
| 204|0x00000000ecc00000, 0x00000000ecc00000, 0x00000000ecd00000|  0%| F|  |TAMS 0x00000000ecc00000| PB 0x00000000ecc00000| Untracked 
| 205|0x00000000ecd00000, 0x00000000ecd00000, 0x00000000ece00000|  0%| F|  |TAMS 0x00000000ecd00000| PB 0x00000000ecd00000| Untracked 
| 206|0x00000000ece00000, 0x00000000ece00000, 0x00000000ecf00000|  0%| F|  |TAMS 0x00000000ece00000| PB 0x00000000ece00000| Untracked 
| 207|0x00000000ecf00000, 0x00000000ecf00000, 0x00000000ed000000|  0%| F|  |TAMS 0x00000000ecf00000| PB 0x00000000ecf00000| Untracked 
| 208|0x00000000ed000000, 0x00000000ed000000, 0x00000000ed100000|  0%| F|  |TAMS 0x00000000ed000000| PB 0x00000000ed000000| Untracked 
| 209|0x00000000ed100000, 0x00000000ed100000, 0x00000000ed200000|  0%| F|  |TAMS 0x00000000ed100000| PB 0x00000000ed100000| Untracked 
| 210|0x00000000ed200000, 0x00000000ed200000, 0x00000000ed300000|  0%| F|  |TAMS 0x00000000ed200000| PB 0x00000000ed200000| Untracked 
| 211|0x00000000ed300000, 0x00000000ed300000, 0x00000000ed400000|  0%| F|  |TAMS 0x00000000ed300000| PB 0x00000000ed300000| Untracked 
| 212|0x00000000ed400000, 0x00000000ed400000, 0x00000000ed500000|  0%| F|  |TAMS 0x00000000ed400000| PB 0x00000000ed400000| Untracked 
| 213|0x00000000ed500000, 0x00000000ed500000, 0x00000000ed600000|  0%| F|  |TAMS 0x00000000ed500000| PB 0x00000000ed500000| Untracked 
| 214|0x00000000ed600000, 0x00000000ed650360, 0x00000000ed700000| 31%| E|  |TAMS 0x00000000ed600000| PB 0x00000000ed600000| Complete 
| 215|0x00000000ed700000, 0x00000000ed800000, 0x00000000ed800000|100%| E|CS|TAMS 0x00000000ed700000| PB 0x00000000ed700000| Complete 
| 216|0x00000000ed800000, 0x00000000ed900000, 0x00000000ed900000|100%| E|CS|TAMS 0x00000000ed800000| PB 0x00000000ed800000| Complete 
| 217|0x00000000ed900000, 0x00000000eda00000, 0x00000000eda00000|100%| E|CS|TAMS 0x00000000ed900000| PB 0x00000000ed900000| Complete 
| 218|0x00000000eda00000, 0x00000000edb00000, 0x00000000edb00000|100%| E|CS|TAMS 0x00000000eda00000| PB 0x00000000eda00000| Complete 
| 219|0x00000000edb00000, 0x00000000edc00000, 0x00000000edc00000|100%| E|CS|TAMS 0x00000000edb00000| PB 0x00000000edb00000| Complete 
| 220|0x00000000edc00000, 0x00000000edd00000, 0x00000000edd00000|100%| E|CS|TAMS 0x00000000edc00000| PB 0x00000000edc00000| Complete 
| 221|0x00000000edd00000, 0x00000000ede00000, 0x00000000ede00000|100%| E|CS|TAMS 0x00000000edd00000| PB 0x00000000edd00000| Complete 
| 222|0x00000000ede00000, 0x00000000edf00000, 0x00000000edf00000|100%| E|CS|TAMS 0x00000000ede00000| PB 0x00000000ede00000| Complete 
| 223|0x00000000edf00000, 0x00000000ee000000, 0x00000000ee000000|100%| E|CS|TAMS 0x00000000edf00000| PB 0x00000000edf00000| Complete 
| 224|0x00000000ee000000, 0x00000000ee100000, 0x00000000ee100000|100%| E|CS|TAMS 0x00000000ee000000| PB 0x00000000ee000000| Complete 
| 225|0x00000000ee100000, 0x00000000ee200000, 0x00000000ee200000|100%| E|CS|TAMS 0x00000000ee100000| PB 0x00000000ee100000| Complete 
| 226|0x00000000ee200000, 0x00000000ee300000, 0x00000000ee300000|100%| E|CS|TAMS 0x00000000ee200000| PB 0x00000000ee200000| Complete 
| 227|0x00000000ee300000, 0x00000000ee400000, 0x00000000ee400000|100%| E|CS|TAMS 0x00000000ee300000| PB 0x00000000ee300000| Complete 
| 228|0x00000000ee400000, 0x00000000ee500000, 0x00000000ee500000|100%| E|CS|TAMS 0x00000000ee400000| PB 0x00000000ee400000| Complete 
| 229|0x00000000ee500000, 0x00000000ee600000, 0x00000000ee600000|100%| E|CS|TAMS 0x00000000ee500000| PB 0x00000000ee500000| Complete 
| 230|0x00000000ee600000, 0x00000000ee700000, 0x00000000ee700000|100%| E|CS|TAMS 0x00000000ee600000| PB 0x00000000ee600000| Complete 
| 231|0x00000000ee700000, 0x00000000ee800000, 0x00000000ee800000|100%| E|CS|TAMS 0x00000000ee700000| PB 0x00000000ee700000| Complete 
| 232|0x00000000ee800000, 0x00000000ee900000, 0x00000000ee900000|100%| E|CS|TAMS 0x00000000ee800000| PB 0x00000000ee800000| Complete 
| 233|0x00000000ee900000, 0x00000000eea00000, 0x00000000eea00000|100%| E|CS|TAMS 0x00000000ee900000| PB 0x00000000ee900000| Complete 
| 234|0x00000000eea00000, 0x00000000eeb00000, 0x00000000eeb00000|100%| E|CS|TAMS 0x00000000eea00000| PB 0x00000000eea00000| Complete 
| 235|0x00000000eeb00000, 0x00000000eec00000, 0x00000000eec00000|100%| E|CS|TAMS 0x00000000eeb00000| PB 0x00000000eeb00000| Complete 
| 236|0x00000000eec00000, 0x00000000eed00000, 0x00000000eed00000|100%| E|CS|TAMS 0x00000000eec00000| PB 0x00000000eec00000| Complete 
| 237|0x00000000eed00000, 0x00000000eee00000, 0x00000000eee00000|100%| E|CS|TAMS 0x00000000eed00000| PB 0x00000000eed00000| Complete 
| 238|0x00000000eee00000, 0x00000000eef00000, 0x00000000eef00000|100%| E|CS|TAMS 0x00000000eee00000| PB 0x00000000eee00000| Complete 
| 239|0x00000000eef00000, 0x00000000ef000000, 0x00000000ef000000|100%| E|CS|TAMS 0x00000000eef00000| PB 0x00000000eef00000| Complete 
| 240|0x00000000ef000000, 0x00000000ef100000, 0x00000000ef100000|100%| E|CS|TAMS 0x00000000ef000000| PB 0x00000000ef000000| Complete 
| 241|0x00000000ef100000, 0x00000000ef200000, 0x00000000ef200000|100%| E|CS|TAMS 0x00000000ef100000| PB 0x00000000ef100000| Complete 
| 242|0x00000000ef200000, 0x00000000ef300000, 0x00000000ef300000|100%| E|CS|TAMS 0x00000000ef200000| PB 0x00000000ef200000| Complete 
| 243|0x00000000ef300000, 0x00000000ef400000, 0x00000000ef400000|100%| E|CS|TAMS 0x00000000ef300000| PB 0x00000000ef300000| Complete 
| 244|0x00000000ef400000, 0x00000000ef500000, 0x00000000ef500000|100%| E|CS|TAMS 0x00000000ef400000| PB 0x00000000ef400000| Complete 
| 245|0x00000000ef500000, 0x00000000ef600000, 0x00000000ef600000|100%| E|CS|TAMS 0x00000000ef500000| PB 0x00000000ef500000| Complete 
| 246|0x00000000ef600000, 0x00000000ef700000, 0x00000000ef700000|100%| E|CS|TAMS 0x00000000ef600000| PB 0x00000000ef600000| Complete 
| 247|0x00000000ef700000, 0x00000000ef800000, 0x00000000ef800000|100%| E|CS|TAMS 0x00000000ef700000| PB 0x00000000ef700000| Complete 
| 248|0x00000000ef800000, 0x00000000ef900000, 0x00000000ef900000|100%| E|CS|TAMS 0x00000000ef800000| PB 0x00000000ef800000| Complete 
| 249|0x00000000ef900000, 0x00000000efa00000, 0x00000000efa00000|100%| E|CS|TAMS 0x00000000ef900000| PB 0x00000000ef900000| Complete 
| 250|0x00000000efa00000, 0x00000000efb00000, 0x00000000efb00000|100%| E|CS|TAMS 0x00000000efa00000| PB 0x00000000efa00000| Complete 
| 251|0x00000000efb00000, 0x00000000efc00000, 0x00000000efc00000|100%| E|CS|TAMS 0x00000000efb00000| PB 0x00000000efb00000| Complete 
| 252|0x00000000efc00000, 0x00000000efd00000, 0x00000000efd00000|100%| E|  |TAMS 0x00000000efc00000| PB 0x00000000efc00000| Complete 
| 253|0x00000000efd00000, 0x00000000efe00000, 0x00000000efe00000|100%| E|CS|TAMS 0x00000000efd00000| PB 0x00000000efd00000| Complete 
| 254|0x00000000efe00000, 0x00000000eff00000, 0x00000000eff00000|100%| E|CS|TAMS 0x00000000efe00000| PB 0x00000000efe00000| Complete 
| 255|0x00000000eff00000, 0x00000000f0000000, 0x00000000f0000000|100%| E|CS|TAMS 0x00000000eff00000| PB 0x00000000eff00000| Complete 

Card table byte_map: [0x000002065aea0000,0x000002065afa0000] _byte_map_base: 0x000002065a7a0000

Marking Bits: (CMBitMap*) 0x000002064832eb40
 Bits: [0x000002065afa0000, 0x000002065b7a0000)

Polling page: 0x0000020647ac0000

Metaspace:

Usage:
  Non-class:     50.19 MB used.
      Class:      9.05 MB used.
       Both:     59.23 MB used.

Virtual space:
  Non-class space:       64.00 MB reserved,      51.31 MB ( 80%) committed,  1 nodes.
      Class space:      320.00 MB reserved,      10.12 MB (  3%) committed,  1 nodes.
             Both:      384.00 MB reserved,      61.44 MB ( 16%) committed. 

Chunk freelists:
   Non-Class:  11.95 MB
       Class:  5.70 MB
        Both:  17.65 MB

MaxMetaspaceSize: 384.00 MB
CompressedClassSpaceSize: 320.00 MB
Initial GC threshold: 21.00 MB
Current GC threshold: 97.94 MB
CDS: on
 - commit_granule_bytes: 65536.
 - commit_granule_words: 8192.
 - virtual_space_node_default_size: 8388608.
 - enlarge_chunks_in_place: 1.
 - use_allocation_guard: 0.


Internal statistics:

num_allocs_failed_limit: 11.
num_arena_births: 4062.
num_arena_deaths: 0.
num_vsnodes_births: 2.
num_vsnodes_deaths: 0.
num_space_committed: 983.
num_space_uncommitted: 0.
num_chunks_returned_to_freelist: 11.
num_chunks_taken_from_freelist: 7296.
num_chunk_merges: 11.
num_chunk_splits: 4600.
num_chunks_enlarged: 2658.
num_inconsistent_stats: 0.

CodeHeap 'non-profiled nmethods': size=119168Kb used=3915Kb max_used=3915Kb free=115252Kb
 bounds [0x00000206530a0000, 0x0000020653480000, 0x000002065a500000]
CodeHeap 'profiled nmethods': size=119104Kb used=14396Kb max_used=14396Kb free=104707Kb
 bounds [0x000002064b500000, 0x000002064c310000, 0x0000020652950000]
CodeHeap 'non-nmethods': size=7488Kb used=3030Kb max_used=3052Kb free=4457Kb
 bounds [0x0000020652950000, 0x0000020652c60000, 0x00000206530a0000]
CodeCache: size=245760Kb, used=21341Kb, max_used=21363Kb, free=224416Kb
 total_blobs=8285, nmethods=7514, adapters=673, full_count=0
Compilation: enabled, stopped_count=0, restarted_count=0

Compilation events (20 events):
Event: 241.462 Thread 0x000002065e795720 nmethod 8201 0x000002064c30b410 code [0x000002064c30b5c0, 0x000002064c30b888]
Event: 241.462 Thread 0x000002065e795720 8206       3       java.lang.invoke.MethodHandleImpl$CountingWrapper::<init> (46 bytes)
Event: 241.462 Thread 0x000002067b0ca7f0 nmethod 8204 0x000002064c30b990 code [0x000002064c30bb40, 0x000002064c30bd88]
Event: 241.462 Thread 0x000002067b0ca7f0 8207       3       java.lang.invoke.DelegatingMethodHandle::<init> (7 bytes)
Event: 241.462 Thread 0x000002067b0ca7f0 nmethod 8207 0x000002064c30be90 code [0x000002064c30c040, 0x000002064c30c178]
Event: 241.462 Thread 0x000002067b0ca7f0 8208       3       java.lang.invoke.LambdaForm$MH/0x00000206605c1400::invoke (43 bytes)
Event: 241.462 Thread 0x000002067af6d740 nmethod 8205 0x000002064c30c210 code [0x000002064c30c3c0, 0x000002064c30c528]
Event: 241.462 Thread 0x000002065e795720 nmethod 8206 0x000002064c30c610 code [0x000002064c30c7e0, 0x000002064c30cbc8]
Event: 241.462 Thread 0x000002065e795720 8209       3       java.lang.invoke.LambdaForm$DMH/0x0000020660038400::invokeStatic (15 bytes)
Event: 241.462 Thread 0x000002067b0ca7f0 nmethod 8208 0x000002064c30cd10 code [0x000002064c30cf00, 0x000002064c30d580]
Event: 241.462 Thread 0x000002065e795720 nmethod 8209 0x000002064c30d710 code [0x000002064c30d8e0, 0x000002064c30ddf0]
Event: 241.471 Thread 0x000002067b0ca7f0 8216       3       org.codehaus.groovy.runtime.MetaClassHelper::getMaximumInterfaceDistance (101 bytes)
Event: 241.472 Thread 0x000002067b0ca7f0 nmethod 8216 0x000002064c30df10 code [0x000002064c30e120, 0x000002064c30e690]
Event: 241.472 Thread 0x000002067af98eb0 8214       4       groovy.lang.MetaClassImpl::filterPropertyMethod (318 bytes)
Event: 241.481 Thread 0x000002067af98eb0 nmethod 8214 0x000002065346af10 code [0x000002065346b140, 0x000002065346b850]
Event: 241.481 Thread 0x000002067af98eb0 8185       4       java.lang.invoke.DirectMethodHandle::allocateInstance (16 bytes)
Event: 241.482 Thread 0x000002067af98eb0 nmethod 8185 0x000002065346bd90 code [0x000002065346bf20, 0x000002065346c0f8]
Event: 241.482 Thread 0x000002067af98eb0 8215       4       org.codehaus.groovy.reflection.CachedMethod::getReturnType (8 bytes)
Event: 241.483 Thread 0x000002067af98eb0 nmethod 8215 0x000002065346c210 code [0x000002065346c3a0, 0x000002065346c448]
Event: 241.483 Thread 0x000002067af98eb0 8210       4       groovy.lang.MetaClassImpl::addMetaMethodToIndex (65 bytes)

GC Heap History (14 events):
Event: 0.527 GC heap before
{Heap before GC invocations=0 (full 0):
 garbage-first heap   total 262144K, used 22528K [0x00000000e0000000, 0x0000000100000000)
  region size 1024K, 23 young (23552K), 0 survivors (0K)
 Metaspace       used 894K, committed 1024K, reserved 393216K
  class space    used 70K, committed 128K, reserved 327680K
}
Event: 0.529 GC heap after
{Heap after GC invocations=1 (full 0):
 garbage-first heap   total 262144K, used 1578K [0x00000000e0000000, 0x0000000100000000)
  region size 1024K, 2 young (2048K), 2 survivors (2048K)
 Metaspace       used 894K, committed 1024K, reserved 393216K
  class space    used 70K, committed 128K, reserved 327680K
}
Event: 2.957 GC heap before
{Heap before GC invocations=1 (full 0):
 garbage-first heap   total 262144K, used 41514K [0x00000000e0000000, 0x0000000100000000)
  region size 1024K, 38 young (38912K), 2 survivors (2048K)
 Metaspace       used 4618K, committed 4800K, reserved 393216K
  class space    used 581K, committed 704K, reserved 327680K
}
Event: 2.964 GC heap after
{Heap after GC invocations=2 (full 0):
 garbage-first heap   total 262144K, used 11393K [0x00000000e0000000, 0x0000000100000000)
  region size 1024K, 5 young (5120K), 5 survivors (5120K)
 Metaspace       used 4618K, committed 4800K, reserved 393216K
  class space    used 581K, committed 704K, reserved 327680K
}
Event: 5.556 GC heap before
{Heap before GC invocations=2 (full 0):
 garbage-first heap   total 262144K, used 82049K [0x00000000e0000000, 0x0000000100000000)
  region size 1024K, 73 young (74752K), 5 survivors (5120K)
 Metaspace       used 10027K, committed 10368K, reserved 393216K
  class space    used 1340K, committed 1472K, reserved 327680K
}
Event: 5.569 GC heap after
{Heap after GC invocations=3 (full 0):
 garbage-first heap   total 262144K, used 19456K [0x00000000e0000000, 0x0000000100000000)
  region size 1024K, 10 young (10240K), 10 survivors (10240K)
 Metaspace       used 10027K, committed 10368K, reserved 393216K
  class space    used 1340K, committed 1472K, reserved 327680K
}
Event: 9.729 GC heap before
{Heap before GC invocations=3 (full 0):
 garbage-first heap   total 262144K, used 86016K [0x00000000e0000000, 0x0000000100000000)
  region size 1024K, 75 young (76800K), 10 survivors (10240K)
 Metaspace       used 20903K, committed 21504K, reserved 393216K
  class space    used 2883K, committed 3200K, reserved 327680K
}
Event: 9.738 GC heap after
{Heap after GC invocations=4 (full 0):
 garbage-first heap   total 262144K, used 24189K [0x00000000e0000000, 0x0000000100000000)
  region size 1024K, 15 young (15360K), 15 survivors (15360K)
 Metaspace       used 20903K, committed 21504K, reserved 393216K
  class space    used 2883K, committed 3200K, reserved 327680K
}
Event: 13.297 GC heap before
{Heap before GC invocations=5 (full 0):
 garbage-first heap   total 262144K, used 132733K [0x00000000e0000000, 0x0000000100000000)
  region size 1024K, 123 young (125952K), 15 survivors (15360K)
 Metaspace       used 34658K, committed 35968K, reserved 393216K
  class space    used 5176K, committed 5824K, reserved 327680K
}
Event: 13.311 GC heap after
{Heap after GC invocations=6 (full 0):
 garbage-first heap   total 262144K, used 30524K [0x00000000e0000000, 0x0000000100000000)
  region size 1024K, 16 young (16384K), 16 survivors (16384K)
 Metaspace       used 34658K, committed 35968K, reserved 393216K
  class space    used 5176K, committed 5824K, reserved 327680K
}
Event: 18.594 GC heap before
{Heap before GC invocations=7 (full 0):
 garbage-first heap   total 262144K, used 169788K [0x00000000e0000000, 0x0000000100000000)
  region size 1024K, 153 young (156672K), 16 survivors (16384K)
 Metaspace       used 50802K, committed 52800K, reserved 393216K
  class space    used 7662K, committed 8640K, reserved 327680K
}
Event: 18.610 GC heap after
{Heap after GC invocations=8 (full 0):
 garbage-first heap   total 262144K, used 40219K [0x00000000e0000000, 0x0000000100000000)
  region size 1024K, 20 young (20480K), 20 survivors (20480K)
 Metaspace       used 50802K, committed 52800K, reserved 393216K
  class space    used 7662K, committed 8640K, reserved 327680K
}
Event: 21.154 GC heap before
{Heap before GC invocations=8 (full 0):
 garbage-first heap   total 262144K, used 146715K [0x00000000e0000000, 0x0000000100000000)
  region size 1024K, 125 young (128000K), 20 survivors (20480K)
 Metaspace       used 57878K, committed 60096K, reserved 393216K
  class space    used 8883K, committed 9984K, reserved 327680K
}
Event: 21.175 GC heap after
{Heap after GC invocations=9 (full 0):
 garbage-first heap   total 262144K, used 49178K [0x00000000e0000000, 0x0000000100000000)
  region size 1024K, 20 young (20480K), 20 survivors (20480K)
 Metaspace       used 57878K, committed 60096K, reserved 393216K
  class space    used 8883K, committed 9984K, reserved 327680K
}

Dll operation events (14 events):
Event: 0.018 Loaded shared library C:\Users\HP\.vscode\extensions\redhat.java-1.54.0-win32-x64\jre\21.0.10-win32-x86_64\bin\java.dll
Event: 0.090 Loaded shared library C:\Users\HP\.vscode\extensions\redhat.java-1.54.0-win32-x64\jre\21.0.10-win32-x86_64\bin\zip.dll
Event: 0.111 Loaded shared library C:\Users\HP\.vscode\extensions\redhat.java-1.54.0-win32-x64\jre\21.0.10-win32-x86_64\bin\instrument.dll
Event: 0.116 Loaded shared library C:\Users\HP\.vscode\extensions\redhat.java-1.54.0-win32-x64\jre\21.0.10-win32-x86_64\bin\net.dll
Event: 0.120 Loaded shared library C:\Users\HP\.vscode\extensions\redhat.java-1.54.0-win32-x64\jre\21.0.10-win32-x86_64\bin\nio.dll
Event: 0.127 Loaded shared library C:\Users\HP\.vscode\extensions\redhat.java-1.54.0-win32-x64\jre\21.0.10-win32-x86_64\bin\zip.dll
Event: 0.531 Loaded shared library C:\Users\HP\.vscode\extensions\redhat.java-1.54.0-win32-x64\jre\21.0.10-win32-x86_64\bin\jimage.dll
Event: 1.592 Loaded shared library C:\Users\HP\.vscode\extensions\redhat.java-1.54.0-win32-x64\jre\21.0.10-win32-x86_64\bin\verify.dll
Event: 1.661 Loaded shared library C:\Users\HP\.gradle\native\660c5614fbf4a5f2a75b1949f50a0caf5cd603558e7d8a26e50b933a0cfb79d1\windows-amd64\native-platform.dll
Event: 1.697 Loaded shared library C:\Users\HP\.gradle\native\0.2.8\x86_64-windows-gnu\gradle-fileevents.dll
Event: 4.404 Loaded shared library C:\Users\HP\.vscode\extensions\redhat.java-1.54.0-win32-x64\jre\21.0.10-win32-x86_64\bin\management.dll
Event: 4.415 Loaded shared library C:\Users\HP\.vscode\extensions\redhat.java-1.54.0-win32-x64\jre\21.0.10-win32-x86_64\bin\management_ext.dll
Event: 4.874 Loaded shared library C:\Users\HP\.vscode\extensions\redhat.java-1.54.0-win32-x64\jre\21.0.10-win32-x86_64\bin\extnet.dll
Event: 5.666 Loaded shared library C:\Users\HP\.vscode\extensions\redhat.java-1.54.0-win32-x64\jre\21.0.10-win32-x86_64\bin\sunmscapi.dll

Deoptimization events (20 events):
Event: 241.247 Thread 0x000002067ba70fc0 DEOPT PACKING pc=0x00000206530d4f40 sp=0x00000031177fabe0
Event: 241.247 Thread 0x000002067ba70fc0 DEOPT UNPACKING pc=0x00000206529a4422 sp=0x00000031177fab80 mode 2
Event: 241.293 Thread 0x000002067ba70fc0 DEOPT PACKING pc=0x000002064b9cf5e2 sp=0x00000031177f8a40
Event: 241.293 Thread 0x000002067ba70fc0 DEOPT UNPACKING pc=0x00000206529a4bc2 sp=0x00000031177f7f00 mode 0
Event: 241.315 Thread 0x000002067ba70fc0 Uncommon trap: trap_request=0xffffffcc fr.pc=0x00000206533a8050 relative=0x00000000000012b0
Event: 241.315 Thread 0x000002067ba70fc0 Uncommon trap: reason=intrinsic_or_type_checked_inlining action=make_not_entrant pc=0x00000206533a8050 method=java.util.ArrayList.toArray([Ljava/lang/Object;)[Ljava/lang/Object; @ 36 c2
Event: 241.315 Thread 0x000002067ba70fc0 DEOPT PACKING pc=0x00000206533a8050 sp=0x00000031177f79b0
Event: 241.315 Thread 0x000002067ba70fc0 DEOPT UNPACKING pc=0x00000206529a4422 sp=0x00000031177f74a0 mode 2
Event: 241.327 Thread 0x000002067ba70fc0 Uncommon trap: trap_request=0xffffff45 fr.pc=0x0000020653345248 relative=0x0000000000006508
Event: 241.327 Thread 0x000002067ba70fc0 Uncommon trap: reason=unstable_if action=reinterpret pc=0x0000020653345248 method=java.lang.invoke.InvokerBytecodeGenerator.addMethod()V @ 217 c2
Event: 241.327 Thread 0x000002067ba70fc0 DEOPT PACKING pc=0x0000020653345248 sp=0x00000031177f77a0
Event: 241.327 Thread 0x000002067ba70fc0 DEOPT UNPACKING pc=0x00000206529a4422 sp=0x00000031177f77b0 mode 2
Event: 241.331 Thread 0x000002067ba70fc0 Uncommon trap: trap_request=0xffffff45 fr.pc=0x0000020653251cb8 relative=0x0000000000000538
Event: 241.331 Thread 0x000002067ba70fc0 Uncommon trap: reason=unstable_if action=reinterpret pc=0x0000020653251cb8 method=java.lang.invoke.MethodType.insertParameterTypes(I[Ljava/lang/Class;)Ljava/lang/invoke/MethodType; @ 48 c2
Event: 241.331 Thread 0x000002067ba70fc0 DEOPT PACKING pc=0x0000020653251cb8 sp=0x00000031177f79a0
Event: 241.331 Thread 0x000002067ba70fc0 DEOPT UNPACKING pc=0x00000206529a4422 sp=0x00000031177f7970 mode 2
Event: 241.332 Thread 0x000002067ba70fc0 Uncommon trap: trap_request=0xffffff45 fr.pc=0x00000206531d8540 relative=0x00000000000008c0
Event: 241.332 Thread 0x000002067ba70fc0 Uncommon trap: reason=unstable_if action=reinterpret pc=0x00000206531d8540 method=jdk.internal.org.objectweb.asm.Frame.execute(IILjdk/internal/org/objectweb/asm/Symbol;Ljdk/internal/org/objectweb/asm/SymbolTable;)V @ 1249 c2
Event: 241.332 Thread 0x000002067ba70fc0 DEOPT PACKING pc=0x00000206531d8540 sp=0x00000031177f7360
Event: 241.332 Thread 0x000002067ba70fc0 DEOPT UNPACKING pc=0x00000206529a4422 sp=0x00000031177f72e0 mode 2

Classes loaded (20 events):
Event: 22.634 Loading class java/time/Instant$1
Event: 22.634 Loading class java/time/Instant$1 done
Event: 22.709 Loading class java/net/UrlDeserializedState
Event: 22.709 Loading class java/net/UrlDeserializedState done
Event: 22.710 Loading class java/net/Proxy
Event: 22.710 Loading class java/net/Proxy done
Event: 22.719 Loading class java/util/concurrent/CompletableFuture$AsyncRun
Event: 22.719 Loading class java/util/concurrent/CompletableFuture$AsyncRun done
Event: 30.515 Loading class jdk/internal/math/FormattedFPDecimal
Event: 30.515 Loading class jdk/internal/math/FormattedFPDecimal done
Event: 30.673 Loading class java/util/AbstractList$ListItr
Event: 30.673 Loading class java/util/AbstractList$ListItr done
Event: 45.488 Loading class java/lang/foreign/MemorySegment
Event: 45.489 Loading class java/lang/foreign/MemorySegment done
Event: 241.304 Loading class java/util/AbstractList$RandomAccessSubList
Event: 241.305 Loading class java/util/AbstractList$SubList
Event: 241.305 Loading class java/util/AbstractList$SubList done
Event: 241.305 Loading class java/util/AbstractList$RandomAccessSubList done
Event: 241.305 Loading class java/util/AbstractList$SubList$1
Event: 241.305 Loading class java/util/AbstractList$SubList$1 done

Classes unloaded (0 events):
No events

Classes redefined (0 events):
No events

Internal exceptions (20 events):
Event: 30.682 Thread 0x0000020678d099c0 Exception <a 'sun/nio/fs/WindowsException'{0x00000000ee932750}> (0x00000000ee932750) 
thrown [s\src\hotspot\share\prims\jni.cpp, line 520]
Event: 30.755 Thread 0x0000020678d099c0 Exception <a 'sun/nio/fs/WindowsException'{0x00000000ee631e80}> (0x00000000ee631e80) 
thrown [s\src\hotspot\share\prims\jni.cpp, line 520]
Event: 241.118 Thread 0x000002067ba70fc0 Exception <a 'java/lang/ClassNotFoundException'{0x00000000ede58568}: javals_2lfi4x2z1wcgnpav4e2g0pua7BeanInfo> (0x00000000ede58568) 
thrown [s\src\hotspot\share\classfile\systemDictionary.cpp, line 312]
Event: 241.119 Thread 0x000002067ba70fc0 Exception <a 'java/lang/ClassNotFoundException'{0x00000000ede5e810}: javals_2lfi4x2z1wcgnpav4e2g0pua7Customizer> (0x00000000ede5e810) 
thrown [s\src\hotspot\share\classfile\systemDictionary.cpp, line 312]
Event: 241.158 Thread 0x000002067ba70fc0 Exception <a 'sun/nio/fs/WindowsException'{0x00000000edea8db0}> (0x00000000edea8db0) 
thrown [s\src\hotspot\share\prims\jni.cpp, line 520]
Event: 241.158 Thread 0x000002067ba70fc0 Exception <a 'sun/nio/fs/WindowsException'{0x00000000edeaa268}> (0x00000000edeaa268) 
thrown [s\src\hotspot\share\prims\jni.cpp, line 520]
Event: 241.159 Thread 0x000002067ba70fc0 Exception <a 'sun/nio/fs/WindowsException'{0x00000000edeab710}> (0x00000000edeab710) 
thrown [s\src\hotspot\share\prims\jni.cpp, line 520]
Event: 241.159 Thread 0x000002067ba70fc0 Exception <a 'sun/nio/fs/WindowsException'{0x00000000edeacb90}> (0x00000000edeacb90) 
thrown [s\src\hotspot\share\prims\jni.cpp, line 520]
Event: 241.245 Thread 0x000002067ba70fc0 Exception <a 'sun/nio/fs/WindowsException'{0x00000000edc17690}> (0x00000000edc17690) 
thrown [s\src\hotspot\share\prims\jni.cpp, line 520]
Event: 241.245 Thread 0x000002067ba70fc0 Exception <a 'sun/nio/fs/WindowsException'{0x00000000edc18e20}> (0x00000000edc18e20) 
thrown [s\src\hotspot\share\prims\jni.cpp, line 520]
Event: 241.246 Thread 0x000002067ba70fc0 Exception <a 'sun/nio/fs/WindowsException'{0x00000000edc1b210}> (0x00000000edc1b210) 
thrown [s\src\hotspot\share\prims\jni.cpp, line 520]
Event: 241.284 Thread 0x000002067ba70fc0 Exception <a 'java/lang/ClassNotFoundException'{0x00000000edcfa808}: org/gradle/configuration/internal/DefaultListenerBuildOperationDecorator$BuildOperationEmittingClosureBeanInfo> (0x00000000edcfa808) 
thrown [s\src\hotspot\share\classfile\systemDictionary.cpp, line 312]
Event: 241.284 Thread 0x000002067ba70fc0 Exception <a 'java/lang/ClassNotFoundException'{0x00000000edb083b0}: org/gradle/configuration/internal/DefaultListenerBuildOperationDecorator$BuildOperationEmittingClosureCustomizer> (0x00000000edb083b0) 
thrown [s\src\hotspot\share\classfile\systemDictionary.cpp, line 312]
Event: 241.314 Thread 0x000002067ba70fc0 Exception <a 'java/lang/ClassNotFoundException'{0x00000000edba6e90}: groovy/lang/ReferenceBeanInfo> (0x00000000edba6e90) 
thrown [s\src\hotspot\share\classfile\systemDictionary.cpp, line 312]
Event: 241.315 Thread 0x000002067ba70fc0 Exception <a 'java/lang/ClassNotFoundException'{0x00000000edbb2078}: groovy/lang/ReferenceCustomizer> (0x00000000edbb2078) 
thrown [s\src\hotspot\share\classfile\systemDictionary.cpp, line 312]
Event: 241.321 Thread 0x000002067ba70fc0 Exception <a 'java/lang/NoSuchMethodError'{0x00000000edbc6f68}: 'int java.lang.invoke.Invokers$Holder.linkToCallSite(java.lang.Object, java.lang.Object)'> (0x00000000edbc6f68) 
thrown [s\src\hotspot\share\interpreter\linkResolver.cpp, line 773]
Event: 241.324 Thread 0x000002067ba70fc0 Exception <a 'java/lang/ClassNotFoundException'{0x00000000edbe0498}: org/codehaus/groovy/runtime/NullObjectBeanInfo> (0x00000000edbe0498) 
thrown [s\src\hotspot\share\classfile\systemDictionary.cpp, line 312]
Event: 241.325 Thread 0x000002067ba70fc0 Exception <a 'java/lang/ClassNotFoundException'{0x00000000edbebaa0}: org/codehaus/groovy/runtime/NullObjectCustomizer> (0x00000000edbebaa0) 
thrown [s\src\hotspot\share\classfile\systemDictionary.cpp, line 312]
Event: 241.466 Thread 0x000002067ba70fc0 Exception <a 'java/lang/ClassNotFoundException'{0x00000000ed9f30b8}: org/gradle/api/DefaultTask_DecoratedBeanInfo> (0x00000000ed9f30b8) 
thrown [s\src\hotspot\share\classfile\systemDictionary.cpp, line 312]
Event: 241.467 Thread 0x000002067ba70fc0 Exception <a 'java/lang/ClassNotFoundException'{0x00000000ed9fe780}: org/gradle/api/DefaultTask_DecoratedCustomizer> (0x00000000ed9fe780) 
thrown [s\src\hotspot\share\classfile\systemDictionary.cpp, line 312]

ZGC Phase Switch (0 events):
No events

VM Operations (20 events):
Event: 60.271 Executing non-safepoint VM operation: RendezvousGCThreads
Event: 60.271 Executing non-safepoint VM operation: RendezvousGCThreads done
Event: 88.526 Executing safepoint VM operation: Cleanup
Event: 88.526 Executing safepoint VM operation: Cleanup done
Event: 148.994 Executing safepoint VM operation: Cleanup
Event: 148.994 Executing safepoint VM operation: Cleanup done
Event: 151.997 Executing safepoint VM operation: Cleanup
Event: 151.997 Executing safepoint VM operation: Cleanup done
Event: 185.241 Executing safepoint VM operation: Cleanup
Event: 185.241 Executing safepoint VM operation: Cleanup done
Event: 204.359 Executing safepoint VM operation: Cleanup
Event: 204.359 Executing safepoint VM operation: Cleanup done
Event: 206.375 Executing safepoint VM operation: Cleanup
Event: 206.375 Executing safepoint VM operation: Cleanup done
Event: 214.426 Executing safepoint VM operation: Cleanup
Event: 214.426 Executing safepoint VM operation: Cleanup done
Event: 235.563 Executing safepoint VM operation: Cleanup
Event: 235.563 Executing safepoint VM operation: Cleanup done
Event: 241.193 Executing safepoint VM operation: ICBufferFull
Event: 241.193 Executing safepoint VM operation: ICBufferFull done

Memory protections (0 events):
No events

Nmethod flushes (20 events):
Event: 21.201 Thread 0x000002065e75f8e0 flushing  nmethod 0x000002064b5b8990
Event: 21.201 Thread 0x000002065e75f8e0 flushing  nmethod 0x000002064b97b510
Event: 21.201 Thread 0x000002065e75f8e0 flushing  nmethod 0x000002064bbd1610
Event: 21.201 Thread 0x000002065e75f8e0 flushing  nmethod 0x000002064bbd2790
Event: 21.201 Thread 0x000002065e75f8e0 flushing  nmethod 0x000002064bbd5390
Event: 21.201 Thread 0x000002065e75f8e0 flushing  nmethod 0x000002064b5a2510
Event: 21.201 Thread 0x000002065e75f8e0 flushing  nmethod 0x000002064b6dce10
Event: 21.201 Thread 0x000002065e75f8e0 flushing  nmethod 0x000002064b6e0190
Event: 21.201 Thread 0x000002065e75f8e0 flushing  nmethod 0x000002064b6e8990
Event: 21.201 Thread 0x000002065e75f8e0 flushing  nmethod 0x000002064b713290
Event: 21.201 Thread 0x000002065e75f8e0 flushing  nmethod 0x000002064b71af90
Event: 21.201 Thread 0x000002065e75f8e0 flushing  nmethod 0x000002064b71b410
Event: 21.201 Thread 0x000002065e75f8e0 flushing  nmethod 0x000002064b8f3f90
Event: 21.201 Thread 0x000002065e75f8e0 flushing  nmethod 0x000002064b8f9990
Event: 21.201 Thread 0x000002065e75f8e0 flushing  nmethod 0x000002064ba5c290
Event: 21.201 Thread 0x000002065e75f8e0 flushing  nmethod 0x000002064ba5c790
Event: 21.201 Thread 0x000002065e75f8e0 flushing  nmethod 0x000002064ba5d910
Event: 21.201 Thread 0x000002065e75f8e0 flushing  nmethod 0x000002064ba5de10
Event: 21.201 Thread 0x000002065e75f8e0 flushing  nmethod 0x000002064ba5f090
Event: 21.201 Thread 0x000002065e75f8e0 flushing  nmethod 0x000002064babdc10

Events (20 events):
Event: 240.661 Thread 0x000002067ba6f580 Thread added: 0x000002067ba72a00
Event: 240.759 Thread 0x000002067ba6f580 Thread added: 0x000002067ba71ce0
Event: 240.770 Thread 0x000002067ba6f580 Thread added: 0x000002067ba70fc0
Event: 240.788 Thread 0x000002067ba70fc0 Thread added: 0x000002067ba73720
Event: 240.794 Thread 0x000002067ba70fc0 Thread added: 0x000002067ba6fc10
Event: 240.795 Thread 0x000002067ba70fc0 Thread added: 0x000002067ba702a0
Event: 240.908 Thread 0x000002067ba70fc0 Thread added: 0x000002067ba73db0
Event: 240.916 Thread 0x000002067ba70fc0 Thread added: 0x000002067ba71650
Event: 240.989 Thread 0x000002065e795720 Thread added: 0x000002067bcb1620
Event: 240.989 Thread 0x000002065e795720 Thread added: 0x000002067c552860
Event: 240.990 Thread 0x000002067ba70fc0 Thread added: 0x000002067ba72370
Event: 241.006 Thread 0x000002067ba70fc0 Thread added: 0x000002067ba74ad0
Event: 241.012 Thread 0x000002067ba70fc0 Thread added: 0x000002067ba70930
Event: 241.060 Thread 0x000002067ba70fc0 Thread added: 0x000002067ba75160
Event: 241.088 Thread 0x000002067ba70fc0 Thread added: 0x000002067ba757f0
Event: 241.167 Thread 0x000002065e795720 Thread added: 0x000002067af6d740
Event: 241.219 Thread 0x000002067ba70fc0 Thread added: 0x000002067ba75e80
Event: 241.227 Thread 0x000002067ba70fc0 Thread added: 0x000002067ba6eef0
Event: 241.253 Thread 0x000002067af6d740 Thread added: 0x000002067b0ca7f0
Event: 241.472 Thread 0x000002067b0ca7f0 Thread added: 0x000002067af98eb0


Dynamic libraries:
0x00007ff6dec10000 - 0x00007ff6dec1e000 	C:\Users\HP\.vscode\extensions\redhat.java-1.54.0-win32-x64\jre\21.0.10-win32-x86_64\bin\java.exe
0x00007ffa3dbb0000 - 0x00007ffa3ddc7000 	C:\WINDOWS\SYSTEM32\ntdll.dll
0x00007ffa3bae0000 - 0x00007ffa3bba4000 	C:\WINDOWS\System32\KERNEL32.DLL
0x00007ffa3b0b0000 - 0x00007ffa3b482000 	C:\WINDOWS\System32\KERNELBASE.dll
0x00007ffa3b720000 - 0x00007ffa3b831000 	C:\WINDOWS\System32\ucrtbase.dll
0x00007ffa195b0000 - 0x00007ffa195ce000 	C:\Users\HP\.vscode\extensions\redhat.java-1.54.0-win32-x64\jre\21.0.10-win32-x86_64\bin\VCRUNTIME140.dll
0x00007ffa19550000 - 0x00007ffa19568000 	C:\Users\HP\.vscode\extensions\redhat.java-1.54.0-win32-x64\jre\21.0.10-win32-x86_64\bin\jli.dll
0x00007ffa3c880000 - 0x00007ffa3ca31000 	C:\WINDOWS\System32\USER32.dll
0x00007ffa39e80000 - 0x00007ffa3a11b000 	C:\WINDOWS\WinSxS\amd64_microsoft.windows.common-controls_6595b64144ccf1df_6.0.22621.5547_none_27104afb73855772\COMCTL32.dll
0x00007ffa3b6f0000 - 0x00007ffa3b716000 	C:\WINDOWS\System32\win32u.dll
0x00007ffa3d010000 - 0x00007ffa3d0b7000 	C:\WINDOWS\System32\msvcrt.dll
0x00007ffa3c570000 - 0x00007ffa3c599000 	C:\WINDOWS\System32\GDI32.dll
0x00007ffa3ada0000 - 0x00007ffa3aec3000 	C:\WINDOWS\System32\gdi32full.dll
0x00007ffa3aed0000 - 0x00007ffa3af6a000 	C:\WINDOWS\System32\msvcp_win.dll
0x00007ffa3d0c0000 - 0x00007ffa3d0f1000 	C:\WINDOWS\System32\IMM32.DLL
0x00007ffa3a4b0000 - 0x00007ffa3a4bc000 	C:\Users\HP\.vscode\extensions\redhat.java-1.54.0-win32-x64\jre\21.0.10-win32-x86_64\bin\vcruntime140_1.dll
0x00007ff9fcde0000 - 0x00007ff9fce6d000 	C:\Users\HP\.vscode\extensions\redhat.java-1.54.0-win32-x64\jre\21.0.10-win32-x86_64\bin\msvcp140.dll
0x00007ff958e40000 - 0x00007ff959be1000 	C:\Users\HP\.vscode\extensions\redhat.java-1.54.0-win32-x64\jre\21.0.10-win32-x86_64\bin\server\jvm.dll
0x00007ffa3b900000 - 0x00007ffa3b9b1000 	C:\WINDOWS\System32\ADVAPI32.dll
0x00007ffa3cf60000 - 0x00007ffa3d008000 	C:\WINDOWS\System32\sechost.dll
0x00007ffa3b490000 - 0x00007ffa3b4b8000 	C:\WINDOWS\System32\bcrypt.dll
0x00007ffa3b9c0000 - 0x00007ffa3bad4000 	C:\WINDOWS\System32\RPCRT4.dll
0x00007ffa3cd60000 - 0x00007ffa3cdd1000 	C:\WINDOWS\System32\WS2_32.dll
0x00007ffa3a910000 - 0x00007ffa3a95d000 	C:\WINDOWS\SYSTEM32\POWRPROF.dll
0x00007ffa39270000 - 0x00007ffa3927a000 	C:\WINDOWS\SYSTEM32\VERSION.dll
0x00007ffa35360000 - 0x00007ffa35394000 	C:\WINDOWS\SYSTEM32\WINMM.dll
0x00007ffa3a8f0000 - 0x00007ffa3a903000 	C:\WINDOWS\SYSTEM32\UMPDC.dll
0x00007ffa38d90000 - 0x00007ffa38da8000 	C:\WINDOWS\SYSTEM32\kernel.appcore.dll
0x00007ffa33350000 - 0x00007ffa3335a000 	C:\Users\HP\.vscode\extensions\redhat.java-1.54.0-win32-x64\jre\21.0.10-win32-x86_64\bin\jimage.dll
0x00007ffa3a590000 - 0x00007ffa3a7c3000 	C:\WINDOWS\SYSTEM32\DBGHELP.DLL
0x00007ffa3c140000 - 0x00007ffa3c4d3000 	C:\WINDOWS\System32\combase.dll
0x00007ffa3cde0000 - 0x00007ffa3ceb7000 	C:\WINDOWS\System32\OLEAUT32.dll
0x00007ffa3a400000 - 0x00007ffa3a432000 	C:\WINDOWS\SYSTEM32\dbgcore.DLL
0x00007ffa3aca0000 - 0x00007ffa3ad1b000 	C:\WINDOWS\System32\bcryptPrimitives.dll
0x00007ffa32f90000 - 0x00007ffa32f9f000 	C:\Users\HP\.vscode\extensions\redhat.java-1.54.0-win32-x64\jre\21.0.10-win32-x86_64\bin\instrument.dll
0x00007ffa194b0000 - 0x00007ffa194d0000 	C:\Users\HP\.vscode\extensions\redhat.java-1.54.0-win32-x64\jre\21.0.10-win32-x86_64\bin\java.dll
0x00007ffa3d2c0000 - 0x00007ffa3db62000 	C:\WINDOWS\System32\SHELL32.dll
0x00007ffa3af70000 - 0x00007ffa3b0af000 	C:\WINDOWS\System32\wintypes.dll
0x00007ffa37c60000 - 0x00007ffa3857d000 	C:\WINDOWS\SYSTEM32\windows.storage.dll
0x00007ffa3c770000 - 0x00007ffa3c87c000 	C:\WINDOWS\System32\SHCORE.dll
0x00007ffa3ccf0000 - 0x00007ffa3cd59000 	C:\WINDOWS\System32\shlwapi.dll
0x00007ffa3abd0000 - 0x00007ffa3abfb000 	C:\WINDOWS\SYSTEM32\profapi.dll
0x00007ffa0c100000 - 0x00007ffa0c118000 	C:\Users\HP\.vscode\extensions\redhat.java-1.54.0-win32-x64\jre\21.0.10-win32-x86_64\bin\zip.dll
0x00007ffa23af0000 - 0x00007ffa23b00000 	C:\Users\HP\.vscode\extensions\redhat.java-1.54.0-win32-x64\jre\21.0.10-win32-x86_64\bin\net.dll
0x00007ffa369c0000 - 0x00007ffa36aec000 	C:\WINDOWS\SYSTEM32\WINHTTP.dll
0x00007ffa39180000 - 0x00007ffa391e9000 	C:\WINDOWS\system32\mswsock.dll
0x00007ffa0ac40000 - 0x00007ffa0ac56000 	C:\Users\HP\.vscode\extensions\redhat.java-1.54.0-win32-x64\jre\21.0.10-win32-x86_64\bin\nio.dll
0x00007ffa19190000 - 0x00007ffa191a0000 	C:\Users\HP\.vscode\extensions\redhat.java-1.54.0-win32-x64\jre\21.0.10-win32-x86_64\bin\verify.dll
0x00007ff9fe8e0000 - 0x00007ff9fe907000 	C:\Users\HP\.gradle\native\660c5614fbf4a5f2a75b1949f50a0caf5cd603558e7d8a26e50b933a0cfb79d1\windows-amd64\native-platform.dll
0x00007ff9fb2d0000 - 0x00007ff9fb347000 	C:\Users\HP\.gradle\native\0.2.8\x86_64-windows-gnu\gradle-fileevents.dll
0x00007ffa0a8d0000 - 0x00007ffa0a8da000 	C:\Users\HP\.vscode\extensions\redhat.java-1.54.0-win32-x64\jre\21.0.10-win32-x86_64\bin\management.dll
0x00007ffa0a810000 - 0x00007ffa0a81c000 	C:\Users\HP\.vscode\extensions\redhat.java-1.54.0-win32-x64\jre\21.0.10-win32-x86_64\bin\management_ext.dll
0x00007ffa3cec0000 - 0x00007ffa3cec8000 	C:\WINDOWS\System32\PSAPI.DLL
0x00007ffa387e0000 - 0x00007ffa3880d000 	C:\WINDOWS\SYSTEM32\IPHLPAPI.DLL
0x00007ffa3ca40000 - 0x00007ffa3ca49000 	C:\WINDOWS\System32\NSI.dll
0x00007ffa0aba0000 - 0x00007ffa0aba9000 	C:\Users\HP\.vscode\extensions\redhat.java-1.54.0-win32-x64\jre\21.0.10-win32-x86_64\bin\extnet.dll
0x00007ffa3a8c0000 - 0x00007ffa3a8db000 	C:\WINDOWS\SYSTEM32\CRYPTSP.dll
0x00007ffa38cf0000 - 0x00007ffa38d27000 	C:\WINDOWS\system32\rsaenh.dll
0x00007ffa39280000 - 0x00007ffa392a8000 	C:\WINDOWS\SYSTEM32\USERENV.dll
0x00007ffa39440000 - 0x00007ffa3944c000 	C:\WINDOWS\SYSTEM32\CRYPTBASE.dll
0x00007ffa0bfe0000 - 0x00007ffa0bfee000 	C:\Users\HP\.vscode\extensions\redhat.java-1.54.0-win32-x64\jre\21.0.10-win32-x86_64\bin\sunmscapi.dll
0x00007ffa3b4c0000 - 0x00007ffa3b627000 	C:\WINDOWS\System32\CRYPT32.dll
0x00007ffa39e50000 - 0x00007ffa39e7d000 	C:\WINDOWS\SYSTEM32\ncrypt.dll
0x00007ffa39e10000 - 0x00007ffa39e47000 	C:\WINDOWS\SYSTEM32\NTASN1.dll
0x00007ffa32f80000 - 0x00007ffa32f88000 	C:\WINDOWS\system32\wshunix.dll

JVMTI agents:
C:\Users\HP\.gradle\wrapper\dists\gradle-9.2.0-bin\11i5gvueggl8a5cioxuftxrik\gradle-9.2.0\lib\agents\gradle-instrumentation-agent-9.2.0.jar path:C:\Users\HP\.vscode\extensions\redhat.java-1.54.0-win32-x64\jre\21.0.10-win32-x86_64\bin\instrument.dll, loaded, initialized, instrumentlib options:none

dbghelp: loaded successfully - version: 4.0.5 - missing functions: none
symbol engine: initialized successfully - sym options: 0x614 - pdb path: .;C:\Users\HP\.vscode\extensions\redhat.java-1.54.0-win32-x64\jre\21.0.10-win32-x86_64\bin;C:\WINDOWS\SYSTEM32;C:\WINDOWS\WinSxS\amd64_microsoft.windows.common-controls_6595b64144ccf1df_6.0.22621.5547_none_27104afb73855772;C:\Users\HP\.vscode\extensions\redhat.java-1.54.0-win32-x64\jre\21.0.10-win32-x86_64\bin\server;C:\Users\HP\.gradle\native\660c5614fbf4a5f2a75b1949f50a0caf5cd603558e7d8a26e50b933a0cfb79d1\windows-amd64;C:\Users\HP\.gradle\native\0.2.8\x86_64-windows-gnu

VM Arguments:
jvm_args: --add-opens=java.base/java.lang=ALL-UNNAMED --add-opens=java.base/java.lang.invoke=ALL-UNNAMED --add-opens=java.base/java.util=ALL-UNNAMED --add-opens=java.prefs/java.util.prefs=ALL-UNNAMED --add-exports=jdk.compiler/com.sun.tools.javac.api=ALL-UNNAMED --add-exports=jdk.compiler/com.sun.tools.javac.util=ALL-UNNAMED --add-opens=java.base/java.util=ALL-UNNAMED --add-opens=java.prefs/java.util.prefs=ALL-UNNAMED --add-opens=java.base/java.nio.charset=ALL-UNNAMED --add-opens=java.base/java.net=ALL-UNNAMED --add-opens=java.base/java.util.concurrent=ALL-UNNAMED --add-opens=java.base/java.util.concurrent.atomic=ALL-UNNAMED --add-opens=java.xml/javax.xml.namespace=ALL-UNNAMED --add-opens=java.base/java.time=ALL-UNNAMED -XX:MaxMetaspaceSize=384m -XX:+HeapDumpOnOutOfMemoryError -Xms256m -Xmx512m -Dfile.encoding=UTF-8 -Duser.country=ID -Duser.language=en -Duser.variant -javaagent:C:\Users\HP\.gradle\wrapper\dists\gradle-9.2.0-bin\11i5gvueggl8a5cioxuftxrik\gradle-9.2.0\lib\agents\gradle-instrumentation-agent-9.2.0.jar 
java_command: org.gradle.launcher.daemon.bootstrap.GradleDaemon 9.2.0
java_class_path (initial): C:\Users\HP\.gradle\wrapper\dists\gradle-9.2.0-bin\11i5gvueggl8a5cioxuftxrik\gradle-9.2.0\lib\gradle-daemon-main-9.2.0.jar
Launcher Type: SUN_STANDARD

[Global flags]
     intx CICompilerCount                          = 12                                        {product} {ergonomic}
   size_t CompressedClassSpaceSize                 = 335544320                                 {product} {ergonomic}
     uint ConcGCThreads                            = 3                                         {product} {ergonomic}
     uint G1ConcRefinementThreads                  = 13                                        {product} {ergonomic}
   size_t G1HeapRegionSize                         = 1048576                                   {product} {ergonomic}
    uintx GCDrainStackTargetSize                   = 64                                        {product} {ergonomic}
     bool HeapDumpOnOutOfMemoryError               = true                                   {manageable} {command line}
   size_t InitialHeapSize                          = 268435456                                 {product} {command line}
   size_t MarkStackSize                            = 4194304                                   {product} {ergonomic}
   size_t MaxHeapSize                              = 536870912                                 {product} {command line}
   size_t MaxMetaspaceSize                         = 402653184                                 {product} {command line}
   size_t MaxNewSize                               = 321912832                                 {product} {ergonomic}
   size_t MinHeapDeltaBytes                        = 1048576                                   {product} {ergonomic}
   size_t MinHeapSize                              = 268435456                                 {product} {command line}
    uintx NonNMethodCodeHeapSize                   = 7602480                                {pd product} {ergonomic}
    uintx NonProfiledCodeHeapSize                  = 122027880                              {pd product} {ergonomic}
    uintx ProfiledCodeHeapSize                     = 122027880                              {pd product} {ergonomic}
    uintx ReservedCodeCacheSize                    = 251658240                              {pd product} {ergonomic}
     bool SegmentedCodeCache                       = true                                      {product} {ergonomic}
   size_t SoftMaxHeapSize                          = 536870912                              {manageable} {ergonomic}
     bool UseCompressedOops                        = true                           {product lp64_product} {ergonomic}
     bool UseG1GC                                  = true                                      {product} {ergonomic}
     bool UseLargePagesIndividualAllocation        = false                                  {pd product} {ergonomic}

Logging:
Log output configuration:
 #0: stdout all=warning uptime,level,tags foldmultilines=false
 #1: stderr all=off uptime,level,tags foldmultilines=false

Release file:
JAVA_VERSION="21.0.10" 
MODULES="java.base java.compiler java.datatransfer java.xml java.prefs java.desktop java.instrument java.logging java.management java.security.sasl java.naming java.rmi java.management.rmi java.net.http java.scripting java.security.jgss java.transaction.xa java.sql java.sql.rowset java.xml.crypto java.se java.smartcardio jdk.accessibility jdk.internal.jvmstat jdk.attach jdk.charsets jdk.internal.opt jdk.zipfs jdk.compiler jdk.crypto.ec jdk.crypto.cryptoki jdk.crypto.mscapi jdk.dynalink jdk.internal.ed jdk.editpad jdk.hotspot.agent jdk.httpserver jdk.internal.le jdk.internal.vm.ci jdk.internal.vm.compiler jdk.internal.vm.compiler.management jdk.jartool jdk.javadoc jdk.jcmd jdk.management jdk.management.agent jdk.jconsole jdk.jdeps jdk.jdwp.agent jdk.jdi jdk.jfr jdk.jshell jdk.jsobject jdk.jstatd jdk.localedata jdk.management.jfr jdk.naming.dns jdk.naming.rmi jdk.net jdk.nio.mapmode jdk.random jdk.sctp jdk.security.auth jdk.security.jgss jdk.unsupported jdk.unsupported.desktop jdk.xml.dom" 

Environment Variables:
CLASSPATH=c:\Users\HP\.vscode\extensions\vscjava.vscode-gradle-3.17.3\lib\gradle-server.jar
PATH=C:\Program Files\Common Files\Oracle\Java\javapath;D:\oracle\dbhomeXE\bin;C:\WINDOWS\system32;C:\WINDOWS;C:\WINDOWS\System32\Wbem;C:\WINDOWS\System32\WindowsPowerShell\v1.0\;C:\WINDOWS\System32\OpenSSH\;C:\Program Files\dotnet\;C:\MinGW\bin;C:\Program Files\Git\cmd;C:\Program Files\PuTTY\;C:\Users\HP\AppData\Local\Programs\Python\Python313\Scripts\;C:\Users\HP\AppData\Local\Programs\Python\Python313\;C:\Users\HP\AppData\Local\Programs\Python\Launcher\;C:\Users\HP\AppData\Local\Microsoft\WindowsApps;;C:\Users\HP\AppData\Local\Programs\Microsoft VS Code\bin;D:\Python\PyCharm 2025.2.1.1\bin
USERNAME=HP
OS=Windows_NT
PROCESSOR_IDENTIFIER=AMD64 Family 23 Model 104 Stepping 1, AuthenticAMD
TMP=C:\Users\HP\AppData\Local\Temp
TEMP=C:\Users\HP\AppData\Local\Temp




Periodic native trim disabled

---------------  S Y S T E M  ---------------

OS:
 Windows 11 , 64 bit Build 22621 (10.0.22621.5415)
OS uptime: 0 days 22:27 hours
Hyper-V role detected

CPU: total 16 (initial active 16) (16 cores per cpu, 2 threads per core) family 23 model 104 stepping 1 microcode 0x0, cx8, cmov, fxsr, ht, mmx, 3dnowpref, sse, sse2, sse3, ssse3, sse4a, sse4.1, sse4.2, popcnt, lzcnt, tsc, tscinvbit, avx, avx2, aes, clmul, bmi1, bmi2, adx, sha, fma, vzeroupper, clflush, clflushopt, hv, rdtscp, rdpid, f16c
Processor Information for the first 16 processors :
  Max Mhz: 1801, Current Mhz: 1801, Mhz Limit: 1801

Memory: 4k page, system-wide physical 7501M (858M free)
TotalPageFile size 19970M (AvailPageFile size 6M)
current process WorkingSet (physical memory assigned to process): 193M, peak: 390M
current process commit charge ("private bytes"): 528M, peak: 530M

vm_info: OpenJDK 64-Bit Server VM (21.0.10+7-LTS) for windows-amd64 JRE (21.0.10+7-LTS), built on 2026-01-20T00:00:00Z by "admin" with MS VC++ 17.12 (VS2022)

END.
